#
# There is insufficient memory for the Java Runtime Environment to continue.
# Native memory allocation (malloc) failed to allocate 1582256 bytes for Chunk::new
# Possible reasons:
#   The system is out of physical RAM or swap space
#   The process is running with CompressedOops enabled, and the Java Heap may be blocking the growth of the native heap
# Possible solutions:
#   Reduce memory load on the system
#   Increase physical memory or swap space
#   Check if swap backing store is full
#   Decrease Java heap size (-Xmx/-Xms)
#   Decrease number of Java threads
#   Decrease Java thread stack sizes (-Xss)
#   Set larger code cache with -XX:ReservedCodeCacheSize=
#   JVM is running with Zero Based Compressed Oops mode in which the Java heap is
#     placed in the first 32GB address space. The Java Heap base address is the
#     maximum limit for the native heap growth. Please use -XX:HeapBaseMinAddress
#     to set the Java Heap base and to place the Java Heap above 32GB virtual address.
# This output file may be truncated or incomplete.
#
#  Out of Memory Error (arena.cpp:168), pid=24784, tid=9104
#
# JRE version: Java(TM) SE Runtime Environment (21.0.7+8) (build 21.0.7+8-LTS-245)
# Java VM: Java HotSpot(TM) 64-Bit Server VM (21.0.7+8-LTS-245, mixed mode, sharing, tiered, compressed oops, compressed class ptrs, g1 gc, windows-amd64)
# No core dump will be written. Minidumps are not enabled by default on client versions of Windows
#

---------------  S U M M A R Y ------------

Command Line: -javaagent:C:\Program Files\JetBrains\IntelliJ IDEA Community Edition 2025.1\lib\idea_rt.jar=49678 -Dfile.encoding=UTF-8 -Dsun.stdout.encoding=UTF-8 -Dsun.stderr.encoding=UTF-8 com.revs.secapp.SecApplication

Host: 12th Gen Intel(R) Core(TM) i7-1255U, 12 cores, 15G,  Windows 11 , 64 bit Build 26100 (10.0.26100.7019)
Time: Fri Nov  7 18:33:16 2025 India Standard Time elapsed time: 4.449565 seconds (0d 0h 0m 4s)

---------------  T H R E A D  ---------------

Current thread (0x000001c6b18b74d0):  JavaThread "C2 CompilerThread0" daemon [_thread_in_native, id=9104, stack(0x0000005b15e00000,0x0000005b15f00000) (1024K)]


Current CompileTask:
C2:   4450 2570   !   4       jdk.internal.loader.BuiltinClassLoader::loadClassOrNull (143 bytes)

Stack: [0x0000005b15e00000,0x0000005b15f00000]
Native frames: (J=compiled Java code, j=interpreted, Vv=VM code, C=native code)
V  [jvm.dll+0x6cae19]
V  [jvm.dll+0x855741]
V  [jvm.dll+0x857c6e]
V  [jvm.dll+0x858343]
V  [jvm.dll+0x27e0b6]
V  [jvm.dll+0xc4ecd]
V  [jvm.dll+0xc5403]
V  [jvm.dll+0x3b578c]
V  [jvm.dll+0x1dfa19]
V  [jvm.dll+0x246c82]
V  [jvm.dll+0x24610f]
V  [jvm.dll+0x1c6efe]
V  [jvm.dll+0x255819]
V  [jvm.dll+0x253daa]
V  [jvm.dll+0x3eebb6]
V  [jvm.dll+0x7ffa1b]
V  [jvm.dll+0x6c94fd]
C  [ucrtbase.dll+0x37b0]
C  [KERNEL32.DLL+0x2e8d7]
C  [ntdll.dll+0x8c53c]


---------------  P R O C E S S  ---------------

Threads class SMR info:
_java_thread_list=0x000001c6f7cea9d0, length=14, elements={
0x000001c691ba4ef0, 0x000001c6b18aff30, 0x000001c6b18b0980, 0x000001c6b18b3b80,
0x000001c6b18b45d0, 0x000001c6b18b5560, 0x000001c6b18b5fb0, 0x000001c6b18b74d0,
0x000001c6b18bb0f0, 0x000001c6b1ac3d20, 0x000001c6f710a220, 0x000001c6f716f500,
0x000001c6f78e8780, 0x000001c6f78eb2e0
}

Java Threads: ( => current thread )
  0x000001c691ba4ef0 JavaThread "main"                              [_thread_blocked, id=5440, stack(0x0000005b15000000,0x0000005b15100000) (1024K)]
  0x000001c6b18aff30 JavaThread "Reference Handler"          daemon [_thread_blocked, id=21836, stack(0x0000005b15800000,0x0000005b15900000) (1024K)]
  0x000001c6b18b0980 JavaThread "Finalizer"                  daemon [_thread_blocked, id=29816, stack(0x0000005b15900000,0x0000005b15a00000) (1024K)]
  0x000001c6b18b3b80 JavaThread "Signal Dispatcher"          daemon [_thread_blocked, id=27540, stack(0x0000005b15a00000,0x0000005b15b00000) (1024K)]
  0x000001c6b18b45d0 JavaThread "Attach Listener"            daemon [_thread_blocked, id=8836, stack(0x0000005b15b00000,0x0000005b15c00000) (1024K)]
  0x000001c6b18b5560 JavaThread "Service Thread"             daemon [_thread_blocked, id=14936, stack(0x0000005b15c00000,0x0000005b15d00000) (1024K)]
  0x000001c6b18b5fb0 JavaThread "Monitor Deflation Thread"   daemon [_thread_blocked, id=8908, stack(0x0000005b15d00000,0x0000005b15e00000) (1024K)]
=>0x000001c6b18b74d0 JavaThread "C2 CompilerThread0"         daemon [_thread_in_native, id=9104, stack(0x0000005b15e00000,0x0000005b15f00000) (1024K)]
  0x000001c6b18bb0f0 JavaThread "C1 CompilerThread0"         daemon [_thread_blocked, id=32336, stack(0x0000005b15f00000,0x0000005b16000000) (1024K)]
  0x000001c6b1ac3d20 JavaThread "Common-Cleaner"             daemon [_thread_blocked, id=28592, stack(0x0000005b16000000,0x0000005b16100000) (1024K)]
  0x000001c6f710a220 JavaThread "Monitor Ctrl-Break"         daemon [_thread_in_native, id=17648, stack(0x0000005b16300000,0x0000005b16400000) (1024K)]
  0x000001c6f716f500 JavaThread "Notification Thread"        daemon [_thread_blocked, id=5524, stack(0x0000005b16400000,0x0000005b16500000) (1024K)]
  0x000001c6f78e8780 JavaThread "Thread-0"                          [_thread_blocked, id=42100, stack(0x0000005b16a00000,0x0000005b16b00000) (1024K)]
  0x000001c6f78eb2e0 JavaThread "restartedMain"                     [_thread_in_vm, id=32344, stack(0x0000005b16b00000,0x0000005b16c00000) (1024K)]
Total: 14

Other Threads:
  0x000001c6b1893fc0 VMThread "VM Thread"                           [id=11192, stack(0x0000005b15700000,0x0000005b15800000) (1024K)]
  0x000001c6b187bbd0 WatcherThread "VM Periodic Task Thread"        [id=1904, stack(0x0000005b15600000,0x0000005b15700000) (1024K)]
  0x000001c691c0d2d0 WorkerThread "GC Thread#0"                     [id=35312, stack(0x0000005b15100000,0x0000005b15200000) (1024K)]
  0x000001c6b1893c20 WorkerThread "GC Thread#1"                     [id=10040, stack(0x0000005b16500000,0x0000005b16600000) (1024K)]
  0x000001c6b1894360 WorkerThread "GC Thread#2"                     [id=1376, stack(0x0000005b16600000,0x0000005b16700000) (1024K)]
  0x000001c6b1894700 WorkerThread "GC Thread#3"                     [id=27576, stack(0x0000005b16700000,0x0000005b16800000) (1024K)]
  0x000001c6b1893140 WorkerThread "GC Thread#4"                     [id=5256, stack(0x0000005b16800000,0x0000005b16900000) (1024K)]
  0x000001c6b1894aa0 WorkerThread "GC Thread#5"                     [id=38336, stack(0x0000005b16900000,0x0000005b16a00000) (1024K)]
  0x000001c6b1893880 WorkerThread "GC Thread#6"                     [id=35132, stack(0x0000005b16c00000,0x0000005b16d00000) (1024K)]
  0x000001c6f7e37570 WorkerThread "GC Thread#7"                     [id=16916, stack(0x0000005b16d00000,0x0000005b16e00000) (1024K)]
  0x000001c6f7e3a490 WorkerThread "GC Thread#8"                     [id=32068, stack(0x0000005b16e00000,0x0000005b16f00000) (1024K)]
  0x000001c691c1fff0 ConcurrentGCThread "G1 Main Marker"            [id=18472, stack(0x0000005b15200000,0x0000005b15300000) (1024K)]
  0x000001c691c21780 WorkerThread "G1 Conc#0"                       [id=33224, stack(0x0000005b15300000,0x0000005b15400000) (1024K)]
  0x000001c6b174d2c0 ConcurrentGCThread "G1 Refine#0"               [id=13928, stack(0x0000005b15400000,0x0000005b15500000) (1024K)]
  0x000001c6b174eaf0 ConcurrentGCThread "G1 Service"                [id=21960, stack(0x0000005b15500000,0x0000005b15600000) (1024K)]
Total: 15

Threads with active compile tasks:
C2 CompilerThread0     4526 2570   !   4       jdk.internal.loader.BuiltinClassLoader::loadClassOrNull (143 bytes)
Total: 1

VM state: not at safepoint (normal execution)

VM Mutex/Monitor currently owned by a thread: None

Heap address: 0x0000000704e00000, size: 4018 MB, Compressed Oops mode: Zero based, Oop shift amount: 3

CDS archive(s) mapped at: [0x000001c6b2000000-0x000001c6b2c90000-0x000001c6b2c90000), size 13172736, SharedBaseAddress: 0x000001c6b2000000, ArchiveRelocationMode: 1.
Compressed class space mapped at: 0x000001c6b3000000-0x000001c6f3000000, reserved size: 1073741824
Narrow klass base: 0x000001c6b2000000, Narrow klass shift: 0, Narrow klass range: 0x100000000

GC Precious Log:
 CardTable entry size: 512
 Card Set container configuration: InlinePtr #cards 4 size 8 Array Of Cards #cards 16 size 48 Howl #buckets 8 coarsen threshold 3686 Howl Bitmap #cards 512 size 80 coarsen threshold 460 Card regions per heap region 1 cards per card region 4096
 CPUs: 12 total, 12 available
 Memory: 16068M
 Large Page Support: Disabled
 NUMA Support: Disabled
 Compressed Oops: Enabled (Zero based)
 Heap Region Size: 2M
 Heap Min Capacity: 8M
 Heap Initial Capacity: 252M
 Heap Max Capacity: 4018M
 Pre-touch: Disabled
 Parallel Workers: 10
 Concurrent Workers: 3
 Concurrent Refinement Workers: 10
 Periodic GC: Disabled

Heap:
 garbage-first heap   total 258048K, used 55579K [0x0000000704e00000, 0x0000000800000000)
  region size 2048K, 26 young (53248K), 2 survivors (4096K)
 Metaspace       used 20958K, committed 21312K, reserved 1114112K
  class space    used 2579K, committed 2752K, reserved 1048576K

Heap Regions: E=young(eden), S=young(survivor), O=old, HS=humongous(starts), HC=humongous(continues), CS=collection set, F=free, TAMS=top-at-mark-start, PB=parsable bottom
|   0|0x0000000704e00000, 0x0000000705000000, 0x0000000705000000|100%| O|  |TAMS 0x0000000704e00000| PB 0x0000000704e00000| Untracked 
|   1|0x0000000705000000, 0x0000000705200000, 0x0000000705200000|100%| O|  |TAMS 0x0000000705000000| PB 0x0000000705000000| Untracked 
|   2|0x0000000705200000, 0x0000000705400000, 0x0000000705400000|100%| O|  |TAMS 0x0000000705200000| PB 0x0000000705200000| Untracked 
|   3|0x0000000705400000, 0x00000007055fc548, 0x0000000705600000| 99%| O|  |TAMS 0x0000000705400000| PB 0x0000000705400000| Untracked 
|   4|0x0000000705600000, 0x0000000705600000, 0x0000000705800000|  0%| F|  |TAMS 0x0000000705600000| PB 0x0000000705600000| Untracked 
|   5|0x0000000705800000, 0x0000000705800000, 0x0000000705a00000|  0%| F|  |TAMS 0x0000000705800000| PB 0x0000000705800000| Untracked 
|   6|0x0000000705a00000, 0x0000000705a00000, 0x0000000705c00000|  0%| F|  |TAMS 0x0000000705a00000| PB 0x0000000705a00000| Untracked 
|   7|0x0000000705c00000, 0x0000000705c00000, 0x0000000705e00000|  0%| F|  |TAMS 0x0000000705c00000| PB 0x0000000705c00000| Untracked 
|   8|0x0000000705e00000, 0x0000000705e00000, 0x0000000706000000|  0%| F|  |TAMS 0x0000000705e00000| PB 0x0000000705e00000| Untracked 
|   9|0x0000000706000000, 0x0000000706000000, 0x0000000706200000|  0%| F|  |TAMS 0x0000000706000000| PB 0x0000000706000000| Untracked 
|  10|0x0000000706200000, 0x0000000706200000, 0x0000000706400000|  0%| F|  |TAMS 0x0000000706200000| PB 0x0000000706200000| Untracked 
|  11|0x0000000706400000, 0x0000000706400000, 0x0000000706600000|  0%| F|  |TAMS 0x0000000706400000| PB 0x0000000706400000| Untracked 
|  12|0x0000000706600000, 0x0000000706600000, 0x0000000706800000|  0%| F|  |TAMS 0x0000000706600000| PB 0x0000000706600000| Untracked 
|  13|0x0000000706800000, 0x0000000706800000, 0x0000000706a00000|  0%| F|  |TAMS 0x0000000706800000| PB 0x0000000706800000| Untracked 
|  14|0x0000000706a00000, 0x0000000706a00000, 0x0000000706c00000|  0%| F|  |TAMS 0x0000000706a00000| PB 0x0000000706a00000| Untracked 
|  15|0x0000000706c00000, 0x0000000706c00000, 0x0000000706e00000|  0%| F|  |TAMS 0x0000000706c00000| PB 0x0000000706c00000| Untracked 
|  16|0x0000000706e00000, 0x0000000706e00000, 0x0000000707000000|  0%| F|  |TAMS 0x0000000706e00000| PB 0x0000000706e00000| Untracked 
|  17|0x0000000707000000, 0x0000000707000000, 0x0000000707200000|  0%| F|  |TAMS 0x0000000707000000| PB 0x0000000707000000| Untracked 
|  18|0x0000000707200000, 0x0000000707200000, 0x0000000707400000|  0%| F|  |TAMS 0x0000000707200000| PB 0x0000000707200000| Untracked 
|  19|0x0000000707400000, 0x0000000707400000, 0x0000000707600000|  0%| F|  |TAMS 0x0000000707400000| PB 0x0000000707400000| Untracked 
|  20|0x0000000707600000, 0x0000000707600000, 0x0000000707800000|  0%| F|  |TAMS 0x0000000707600000| PB 0x0000000707600000| Untracked 
|  21|0x0000000707800000, 0x0000000707800000, 0x0000000707a00000|  0%| F|  |TAMS 0x0000000707800000| PB 0x0000000707800000| Untracked 
|  22|0x0000000707a00000, 0x0000000707a00000, 0x0000000707c00000|  0%| F|  |TAMS 0x0000000707a00000| PB 0x0000000707a00000| Untracked 
|  23|0x0000000707c00000, 0x0000000707c00000, 0x0000000707e00000|  0%| F|  |TAMS 0x0000000707c00000| PB 0x0000000707c00000| Untracked 
|  24|0x0000000707e00000, 0x0000000707e00000, 0x0000000708000000|  0%| F|  |TAMS 0x0000000707e00000| PB 0x0000000707e00000| Untracked 
|  25|0x0000000708000000, 0x0000000708000000, 0x0000000708200000|  0%| F|  |TAMS 0x0000000708000000| PB 0x0000000708000000| Untracked 
|  26|0x0000000708200000, 0x0000000708200000, 0x0000000708400000|  0%| F|  |TAMS 0x0000000708200000| PB 0x0000000708200000| Untracked 
|  27|0x0000000708400000, 0x0000000708400000, 0x0000000708600000|  0%| F|  |TAMS 0x0000000708400000| PB 0x0000000708400000| Untracked 
|  28|0x0000000708600000, 0x0000000708600000, 0x0000000708800000|  0%| F|  |TAMS 0x0000000708600000| PB 0x0000000708600000| Untracked 
|  29|0x0000000708800000, 0x0000000708800000, 0x0000000708a00000|  0%| F|  |TAMS 0x0000000708800000| PB 0x0000000708800000| Untracked 
|  30|0x0000000708a00000, 0x0000000708a00000, 0x0000000708c00000|  0%| F|  |TAMS 0x0000000708a00000| PB 0x0000000708a00000| Untracked 
|  31|0x0000000708c00000, 0x0000000708c00000, 0x0000000708e00000|  0%| F|  |TAMS 0x0000000708c00000| PB 0x0000000708c00000| Untracked 
|  32|0x0000000708e00000, 0x0000000708e00000, 0x0000000709000000|  0%| F|  |TAMS 0x0000000708e00000| PB 0x0000000708e00000| Untracked 
|  33|0x0000000709000000, 0x0000000709000000, 0x0000000709200000|  0%| F|  |TAMS 0x0000000709000000| PB 0x0000000709000000| Untracked 
|  34|0x0000000709200000, 0x0000000709200000, 0x0000000709400000|  0%| F|  |TAMS 0x0000000709200000| PB 0x0000000709200000| Untracked 
|  35|0x0000000709400000, 0x0000000709400000, 0x0000000709600000|  0%| F|  |TAMS 0x0000000709400000| PB 0x0000000709400000| Untracked 
|  36|0x0000000709600000, 0x0000000709600000, 0x0000000709800000|  0%| F|  |TAMS 0x0000000709600000| PB 0x0000000709600000| Untracked 
|  37|0x0000000709800000, 0x0000000709800000, 0x0000000709a00000|  0%| F|  |TAMS 0x0000000709800000| PB 0x0000000709800000| Untracked 
|  38|0x0000000709a00000, 0x0000000709a00000, 0x0000000709c00000|  0%| F|  |TAMS 0x0000000709a00000| PB 0x0000000709a00000| Untracked 
|  39|0x0000000709c00000, 0x0000000709c00000, 0x0000000709e00000|  0%| F|  |TAMS 0x0000000709c00000| PB 0x0000000709c00000| Untracked 
|  40|0x0000000709e00000, 0x0000000709e00000, 0x000000070a000000|  0%| F|  |TAMS 0x0000000709e00000| PB 0x0000000709e00000| Untracked 
|  41|0x000000070a000000, 0x000000070a000000, 0x000000070a200000|  0%| F|  |TAMS 0x000000070a000000| PB 0x000000070a000000| Untracked 
|  42|0x000000070a200000, 0x000000070a200000, 0x000000070a400000|  0%| F|  |TAMS 0x000000070a200000| PB 0x000000070a200000| Untracked 
|  43|0x000000070a400000, 0x000000070a400000, 0x000000070a600000|  0%| F|  |TAMS 0x000000070a400000| PB 0x000000070a400000| Untracked 
|  44|0x000000070a600000, 0x000000070a600000, 0x000000070a800000|  0%| F|  |TAMS 0x000000070a600000| PB 0x000000070a600000| Untracked 
|  45|0x000000070a800000, 0x000000070a800000, 0x000000070aa00000|  0%| F|  |TAMS 0x000000070a800000| PB 0x000000070a800000| Untracked 
|  46|0x000000070aa00000, 0x000000070aa00000, 0x000000070ac00000|  0%| F|  |TAMS 0x000000070aa00000| PB 0x000000070aa00000| Untracked 
|  47|0x000000070ac00000, 0x000000070ac00000, 0x000000070ae00000|  0%| F|  |TAMS 0x000000070ac00000| PB 0x000000070ac00000| Untracked 
|  48|0x000000070ae00000, 0x000000070ae00000, 0x000000070b000000|  0%| F|  |TAMS 0x000000070ae00000| PB 0x000000070ae00000| Untracked 
|  49|0x000000070b000000, 0x000000070b000000, 0x000000070b200000|  0%| F|  |TAMS 0x000000070b000000| PB 0x000000070b000000| Untracked 
|  50|0x000000070b200000, 0x000000070b200000, 0x000000070b400000|  0%| F|  |TAMS 0x000000070b200000| PB 0x000000070b200000| Untracked 
|  51|0x000000070b400000, 0x000000070b400000, 0x000000070b600000|  0%| F|  |TAMS 0x000000070b400000| PB 0x000000070b400000| Untracked 
|  52|0x000000070b600000, 0x000000070b600000, 0x000000070b800000|  0%| F|  |TAMS 0x000000070b600000| PB 0x000000070b600000| Untracked 
|  53|0x000000070b800000, 0x000000070b800000, 0x000000070ba00000|  0%| F|  |TAMS 0x000000070b800000| PB 0x000000070b800000| Untracked 
|  54|0x000000070ba00000, 0x000000070ba00000, 0x000000070bc00000|  0%| F|  |TAMS 0x000000070ba00000| PB 0x000000070ba00000| Untracked 
|  55|0x000000070bc00000, 0x000000070bc00000, 0x000000070be00000|  0%| F|  |TAMS 0x000000070bc00000| PB 0x000000070bc00000| Untracked 
|  56|0x000000070be00000, 0x000000070be00000, 0x000000070c000000|  0%| F|  |TAMS 0x000000070be00000| PB 0x000000070be00000| Untracked 
|  57|0x000000070c000000, 0x000000070c000000, 0x000000070c200000|  0%| F|  |TAMS 0x000000070c000000| PB 0x000000070c000000| Untracked 
|  58|0x000000070c200000, 0x000000070c200000, 0x000000070c400000|  0%| F|  |TAMS 0x000000070c200000| PB 0x000000070c200000| Untracked 
|  59|0x000000070c400000, 0x000000070c400000, 0x000000070c600000|  0%| F|  |TAMS 0x000000070c400000| PB 0x000000070c400000| Untracked 
|  60|0x000000070c600000, 0x000000070c600000, 0x000000070c800000|  0%| F|  |TAMS 0x000000070c600000| PB 0x000000070c600000| Untracked 
|  61|0x000000070c800000, 0x000000070c800000, 0x000000070ca00000|  0%| F|  |TAMS 0x000000070c800000| PB 0x000000070c800000| Untracked 
|  62|0x000000070ca00000, 0x000000070ca00000, 0x000000070cc00000|  0%| F|  |TAMS 0x000000070ca00000| PB 0x000000070ca00000| Untracked 
|  63|0x000000070cc00000, 0x000000070cc00000, 0x000000070ce00000|  0%| F|  |TAMS 0x000000070cc00000| PB 0x000000070cc00000| Untracked 
|  64|0x000000070ce00000, 0x000000070ce00000, 0x000000070d000000|  0%| F|  |TAMS 0x000000070ce00000| PB 0x000000070ce00000| Untracked 
|  65|0x000000070d000000, 0x000000070d000000, 0x000000070d200000|  0%| F|  |TAMS 0x000000070d000000| PB 0x000000070d000000| Untracked 
|  66|0x000000070d200000, 0x000000070d200000, 0x000000070d400000|  0%| F|  |TAMS 0x000000070d200000| PB 0x000000070d200000| Untracked 
|  67|0x000000070d400000, 0x000000070d400000, 0x000000070d600000|  0%| F|  |TAMS 0x000000070d400000| PB 0x000000070d400000| Untracked 
|  68|0x000000070d600000, 0x000000070d600000, 0x000000070d800000|  0%| F|  |TAMS 0x000000070d600000| PB 0x000000070d600000| Untracked 
|  69|0x000000070d800000, 0x000000070d800000, 0x000000070da00000|  0%| F|  |TAMS 0x000000070d800000| PB 0x000000070d800000| Untracked 
|  70|0x000000070da00000, 0x000000070da00000, 0x000000070dc00000|  0%| F|  |TAMS 0x000000070da00000| PB 0x000000070da00000| Untracked 
|  71|0x000000070dc00000, 0x000000070dc00000, 0x000000070de00000|  0%| F|  |TAMS 0x000000070dc00000| PB 0x000000070dc00000| Untracked 
|  72|0x000000070de00000, 0x000000070de00000, 0x000000070e000000|  0%| F|  |TAMS 0x000000070de00000| PB 0x000000070de00000| Untracked 
|  73|0x000000070e000000, 0x000000070e000000, 0x000000070e200000|  0%| F|  |TAMS 0x000000070e000000| PB 0x000000070e000000| Untracked 
|  74|0x000000070e200000, 0x000000070e200000, 0x000000070e400000|  0%| F|  |TAMS 0x000000070e200000| PB 0x000000070e200000| Untracked 
|  75|0x000000070e400000, 0x000000070e400000, 0x000000070e600000|  0%| F|  |TAMS 0x000000070e400000| PB 0x000000070e400000| Untracked 
|  76|0x000000070e600000, 0x000000070e600000, 0x000000070e800000|  0%| F|  |TAMS 0x000000070e600000| PB 0x000000070e600000| Untracked 
|  77|0x000000070e800000, 0x000000070e800000, 0x000000070ea00000|  0%| F|  |TAMS 0x000000070e800000| PB 0x000000070e800000| Untracked 
|  78|0x000000070ea00000, 0x000000070ea00000, 0x000000070ec00000|  0%| F|  |TAMS 0x000000070ea00000| PB 0x000000070ea00000| Untracked 
|  79|0x000000070ec00000, 0x000000070ec00000, 0x000000070ee00000|  0%| F|  |TAMS 0x000000070ec00000| PB 0x000000070ec00000| Untracked 
|  80|0x000000070ee00000, 0x000000070ee00000, 0x000000070f000000|  0%| F|  |TAMS 0x000000070ee00000| PB 0x000000070ee00000| Untracked 
|  81|0x000000070f000000, 0x000000070f000000, 0x000000070f200000|  0%| F|  |TAMS 0x000000070f000000| PB 0x000000070f000000| Untracked 
|  82|0x000000070f200000, 0x000000070f200000, 0x000000070f400000|  0%| F|  |TAMS 0x000000070f200000| PB 0x000000070f200000| Untracked 
|  83|0x000000070f400000, 0x000000070f400000, 0x000000070f600000|  0%| F|  |TAMS 0x000000070f400000| PB 0x000000070f400000| Untracked 
|  84|0x000000070f600000, 0x000000070f600000, 0x000000070f800000|  0%| F|  |TAMS 0x000000070f600000| PB 0x000000070f600000| Untracked 
|  85|0x000000070f800000, 0x000000070f800000, 0x000000070fa00000|  0%| F|  |TAMS 0x000000070f800000| PB 0x000000070f800000| Untracked 
|  86|0x000000070fa00000, 0x000000070fa00000, 0x000000070fc00000|  0%| F|  |TAMS 0x000000070fa00000| PB 0x000000070fa00000| Untracked 
|  87|0x000000070fc00000, 0x000000070fc00000, 0x000000070fe00000|  0%| F|  |TAMS 0x000000070fc00000| PB 0x000000070fc00000| Untracked 
|  88|0x000000070fe00000, 0x000000070fe00000, 0x0000000710000000|  0%| F|  |TAMS 0x000000070fe00000| PB 0x000000070fe00000| Untracked 
|  89|0x0000000710000000, 0x0000000710000000, 0x0000000710200000|  0%| F|  |TAMS 0x0000000710000000| PB 0x0000000710000000| Untracked 
|  90|0x0000000710200000, 0x0000000710200000, 0x0000000710400000|  0%| F|  |TAMS 0x0000000710200000| PB 0x0000000710200000| Untracked 
|  91|0x0000000710400000, 0x0000000710400000, 0x0000000710600000|  0%| F|  |TAMS 0x0000000710400000| PB 0x0000000710400000| Untracked 
|  92|0x0000000710600000, 0x0000000710600000, 0x0000000710800000|  0%| F|  |TAMS 0x0000000710600000| PB 0x0000000710600000| Untracked 
|  93|0x0000000710800000, 0x0000000710800000, 0x0000000710a00000|  0%| F|  |TAMS 0x0000000710800000| PB 0x0000000710800000| Untracked 
|  94|0x0000000710a00000, 0x0000000710a00000, 0x0000000710c00000|  0%| F|  |TAMS 0x0000000710a00000| PB 0x0000000710a00000| Untracked 
|  95|0x0000000710c00000, 0x0000000710c00000, 0x0000000710e00000|  0%| F|  |TAMS 0x0000000710c00000| PB 0x0000000710c00000| Untracked 
|  96|0x0000000710e00000, 0x0000000710e00000, 0x0000000711000000|  0%| F|  |TAMS 0x0000000710e00000| PB 0x0000000710e00000| Untracked 
|  97|0x0000000711000000, 0x0000000711000000, 0x0000000711200000|  0%| F|  |TAMS 0x0000000711000000| PB 0x0000000711000000| Untracked 
|  98|0x0000000711200000, 0x0000000711200000, 0x0000000711400000|  0%| F|  |TAMS 0x0000000711200000| PB 0x0000000711200000| Untracked 
|  99|0x0000000711400000, 0x0000000711400000, 0x0000000711600000|  0%| F|  |TAMS 0x0000000711400000| PB 0x0000000711400000| Untracked 
| 100|0x0000000711600000, 0x00000007117dc9e8, 0x0000000711800000| 93%| E|  |TAMS 0x0000000711600000| PB 0x0000000711600000| Complete 
| 101|0x0000000711800000, 0x0000000711a00000, 0x0000000711a00000|100%| E|CS|TAMS 0x0000000711800000| PB 0x0000000711800000| Complete 
| 102|0x0000000711a00000, 0x0000000711c00000, 0x0000000711c00000|100%| E|CS|TAMS 0x0000000711a00000| PB 0x0000000711a00000| Complete 
| 103|0x0000000711c00000, 0x0000000711e00000, 0x0000000711e00000|100%| E|CS|TAMS 0x0000000711c00000| PB 0x0000000711c00000| Complete 
| 104|0x0000000711e00000, 0x0000000712000000, 0x0000000712000000|100%| E|CS|TAMS 0x0000000711e00000| PB 0x0000000711e00000| Complete 
| 105|0x0000000712000000, 0x0000000712200000, 0x0000000712200000|100%| E|CS|TAMS 0x0000000712000000| PB 0x0000000712000000| Complete 
| 106|0x0000000712200000, 0x0000000712400000, 0x0000000712400000|100%| E|CS|TAMS 0x0000000712200000| PB 0x0000000712200000| Complete 
| 107|0x0000000712400000, 0x0000000712600000, 0x0000000712600000|100%| E|CS|TAMS 0x0000000712400000| PB 0x0000000712400000| Complete 
| 108|0x0000000712600000, 0x0000000712800000, 0x0000000712800000|100%| E|CS|TAMS 0x0000000712600000| PB 0x0000000712600000| Complete 
| 109|0x0000000712800000, 0x0000000712a00000, 0x0000000712a00000|100%| E|CS|TAMS 0x0000000712800000| PB 0x0000000712800000| Complete 
| 110|0x0000000712a00000, 0x0000000712a4a9e8, 0x0000000712c00000| 14%| S|CS|TAMS 0x0000000712a00000| PB 0x0000000712a00000| Complete 
| 111|0x0000000712c00000, 0x0000000712e00000, 0x0000000712e00000|100%| S|CS|TAMS 0x0000000712c00000| PB 0x0000000712c00000| Complete 
| 112|0x0000000712e00000, 0x0000000713000000, 0x0000000713000000|100%| E|CS|TAMS 0x0000000712e00000| PB 0x0000000712e00000| Complete 
| 113|0x0000000713000000, 0x0000000713200000, 0x0000000713200000|100%| E|CS|TAMS 0x0000000713000000| PB 0x0000000713000000| Complete 
| 114|0x0000000713200000, 0x0000000713400000, 0x0000000713400000|100%| E|CS|TAMS 0x0000000713200000| PB 0x0000000713200000| Complete 
| 115|0x0000000713400000, 0x0000000713600000, 0x0000000713600000|100%| E|CS|TAMS 0x0000000713400000| PB 0x0000000713400000| Complete 
| 116|0x0000000713600000, 0x0000000713800000, 0x0000000713800000|100%| E|  |TAMS 0x0000000713600000| PB 0x0000000713600000| Complete 
| 117|0x0000000713800000, 0x0000000713a00000, 0x0000000713a00000|100%| E|CS|TAMS 0x0000000713800000| PB 0x0000000713800000| Complete 
| 118|0x0000000713a00000, 0x0000000713c00000, 0x0000000713c00000|100%| E|CS|TAMS 0x0000000713a00000| PB 0x0000000713a00000| Complete 
| 119|0x0000000713c00000, 0x0000000713e00000, 0x0000000713e00000|100%| E|CS|TAMS 0x0000000713c00000| PB 0x0000000713c00000| Complete 
| 120|0x0000000713e00000, 0x0000000714000000, 0x0000000714000000|100%| E|CS|TAMS 0x0000000713e00000| PB 0x0000000713e00000| Complete 
| 121|0x0000000714000000, 0x0000000714200000, 0x0000000714200000|100%| E|CS|TAMS 0x0000000714000000| PB 0x0000000714000000| Complete 
| 122|0x0000000714200000, 0x0000000714400000, 0x0000000714400000|100%| E|CS|TAMS 0x0000000714200000| PB 0x0000000714200000| Complete 
| 123|0x0000000714400000, 0x0000000714600000, 0x0000000714600000|100%| E|CS|TAMS 0x0000000714400000| PB 0x0000000714400000| Complete 
| 124|0x0000000714600000, 0x0000000714800000, 0x0000000714800000|100%| E|CS|TAMS 0x0000000714600000| PB 0x0000000714600000| Complete 
| 125|0x0000000714800000, 0x0000000714a00000, 0x0000000714a00000|100%| E|CS|TAMS 0x0000000714800000| PB 0x0000000714800000| Complete 

Card table byte_map: [0x000001c6aa4f0000,0x000001c6aacd0000] _byte_map_base: 0x000001c6a6cc9000

Marking Bits: (CMBitMap*) 0x000001c691c0d7e0
 Bits: [0x000001c6aacd0000, 0x000001c6aeb98000)

Polling page: 0x000001c691c60000

Metaspace:

Usage:
  Non-class:     17.96 MB used.
      Class:      2.52 MB used.
       Both:     20.48 MB used.

Virtual space:
  Non-class space:       64.00 MB reserved,      18.19 MB ( 28%) committed,  1 nodes.
      Class space:        1.00 GB reserved,       2.69 MB ( <1%) committed,  1 nodes.
             Both:        1.06 GB reserved,      20.88 MB (  2%) committed. 

Chunk freelists:
   Non-Class:  13.30 MB
       Class:  13.37 MB
        Both:  26.66 MB

MaxMetaspaceSize: unlimited
CompressedClassSpaceSize: 1.00 GB
Initial GC threshold: 21.00 MB
Current GC threshold: 21.00 MB
CDS: on
 - commit_granule_bytes: 65536.
 - commit_granule_words: 8192.
 - virtual_space_node_default_size: 8388608.
 - enlarge_chunks_in_place: 1.
 - use_allocation_guard: 0.


Internal statistics:

num_allocs_failed_limit: 0.
num_arena_births: 414.
num_arena_deaths: 0.
num_vsnodes_births: 2.
num_vsnodes_deaths: 0.
num_space_committed: 334.
num_space_uncommitted: 0.
num_chunks_returned_to_freelist: 0.
num_chunks_taken_from_freelist: 1166.
num_chunk_merges: 0.
num_chunk_splits: 778.
num_chunks_enlarged: 527.
num_inconsistent_stats: 0.

CodeHeap 'non-profiled nmethods': size=120000Kb used=1280Kb max_used=1280Kb free=118719Kb
 bounds [0x000001c6a1b60000, 0x000001c6a1dd0000, 0x000001c6a9090000]
CodeHeap 'profiled nmethods': size=120000Kb used=5362Kb max_used=5362Kb free=114637Kb
 bounds [0x000001c69a090000, 0x000001c69a5d0000, 0x000001c6a15c0000]
CodeHeap 'non-nmethods': size=5760Kb used=1441Kb max_used=1493Kb free=4318Kb
 bounds [0x000001c6a15c0000, 0x000001c6a1830000, 0x000001c6a1b60000]
 total_blobs=3331 nmethods=2801 adapters=434
 compilation: enabled
              stopped_count=0, restarted_count=0
 full_count=0

Compilation events (20 events):
Event: 3.439 Thread 0x000001c6b18bb0f0 2762       3       java.util.stream.ReferencePipeline$3::<init> (15 bytes)
Event: 3.440 Thread 0x000001c6b18bb0f0 nmethod 2762 0x000001c69a5b8110 code [0x000001c69a5b82e0, 0x000001c69a5b8568]
Event: 3.440 Thread 0x000001c6b18bb0f0 2763       3       java.util.stream.ReferencePipeline$3::opWrapSink (10 bytes)
Event: 3.440 Thread 0x000001c6b18bb0f0 nmethod 2763 0x000001c69a5b8690 code [0x000001c69a5b8880, 0x000001c69a5b8e40]
Event: 3.440 Thread 0x000001c6b18bb0f0 2764       3       java.util.stream.ReferencePipeline$3$1::<init> (11 bytes)
Event: 3.440 Thread 0x000001c6b18bb0f0 nmethod 2764 0x000001c69a5b9010 code [0x000001c69a5b9200, 0x000001c69a5b96f8]
Event: 3.440 Thread 0x000001c6b18bb0f0 2765       3       java.util.stream.Sink$ChainedReference::begin (11 bytes)
Event: 3.440 Thread 0x000001c6b18bb0f0 nmethod 2765 0x000001c69a5b9890 code [0x000001c69a5b9a40, 0x000001c69a5b9c20]
Event: 3.440 Thread 0x000001c6b18bb0f0 2768       3       java.util.stream.AbstractPipeline::evaluate (94 bytes)
Event: 3.440 Thread 0x000001c6b18bb0f0 nmethod 2768 0x000001c69a5b9d10 code [0x000001c69a5b9f40, 0x000001c69a5ba5f0]
Event: 3.440 Thread 0x000001c6b18bb0f0 2766       1       org.springframework.core.type.AnnotatedTypeMetadata::lambda$getMergedRepeatableAnnotationAttributes$1 (2 bytes)
Event: 3.440 Thread 0x000001c6b18bb0f0 nmethod 2766 0x000001c6a1c9e890 code [0x000001c6a1c9ea20, 0x000001c6a1c9eac8]
Event: 3.440 Thread 0x000001c6b18bb0f0 2767       1       org.springframework.core.type.classreading.SimpleAnnotationMetadata::getSuperClassName (5 bytes)
Event: 3.440 Thread 0x000001c6b18bb0f0 nmethod 2767 0x000001c6a1c9eb90 code [0x000001c6a1c9ed20, 0x000001c6a1c9edf0]
Event: 3.441 Thread 0x000001c6b18bb0f0 2769       3       java.net.URL::isValidProtocol (78 bytes)
Event: 3.444 Thread 0x000001c6b18bb0f0 nmethod 2769 0x000001c69a5ba810 code [0x000001c69a5bab20, 0x000001c69a5bbdb8]
Event: 3.444 Thread 0x000001c6b18bb0f0 2770       3       java.util.HashMap::prepareArray (38 bytes)
Event: 3.445 Thread 0x000001c6b18bb0f0 nmethod 2770 0x000001c69a5bc490 code [0x000001c69a5bc680, 0x000001c69a5bcc90]
Event: 3.445 Thread 0x000001c6b18bb0f0 2771   !   3       java.security.AccessController::doPrivileged (22 bytes)
Event: 3.445 Thread 0x000001c6b18bb0f0 nmethod 2771 0x000001c69a5bce90 code [0x000001c69a5bd080, 0x000001c69a5bd528]

GC Heap History (4 events):
Event: 1.039 GC heap before
{Heap before GC invocations=0 (full 0):
 garbage-first heap   total 258048K, used 20480K [0x0000000704e00000, 0x0000000800000000)
  region size 2048K, 11 young (22528K), 0 survivors (0K)
 Metaspace       used 4416K, committed 4672K, reserved 1114112K
  class space    used 489K, committed 640K, reserved 1048576K
}
Event: 1.047 GC heap after
{Heap after GC invocations=1 (full 0):
 garbage-first heap   total 258048K, used 7575K [0x0000000704e00000, 0x0000000800000000)
  region size 2048K, 2 young (4096K), 2 survivors (4096K)
 Metaspace       used 4416K, committed 4672K, reserved 1114112K
  class space    used 489K, committed 640K, reserved 1048576K
}
Event: 1.949 GC heap before
{Heap before GC invocations=1 (full 0):
 garbage-first heap   total 258048K, used 30103K [0x0000000704e00000, 0x0000000800000000)
  region size 2048K, 14 young (28672K), 2 survivors (4096K)
 Metaspace       used 11030K, committed 11328K, reserved 1114112K
  class space    used 1404K, committed 1536K, reserved 1048576K
}
Event: 1.956 GC heap after
{Heap after GC invocations=2 (full 0):
 garbage-first heap   total 258048K, used 10523K [0x0000000704e00000, 0x0000000800000000)
  region size 2048K, 2 young (4096K), 2 survivors (4096K)
 Metaspace       used 11030K, committed 11328K, reserved 1114112K
  class space    used 1404K, committed 1536K, reserved 1048576K
}

Dll operation events (12 events):
Event: 0.107 Loaded shared library C:\Program Files\Java\jdk-21\bin\java.dll
Event: 0.137 Loaded shared library C:\Program Files\Java\jdk-21\bin\jsvml.dll
Event: 0.269 Loaded shared library C:\Program Files\Java\jdk-21\bin\zip.dll
Event: 0.277 Loaded shared library C:\Program Files\Java\jdk-21\bin\instrument.dll
Event: 0.284 Loaded shared library C:\Program Files\Java\jdk-21\bin\net.dll
Event: 0.286 Loaded shared library C:\Program Files\Java\jdk-21\bin\nio.dll
Event: 0.290 Loaded shared library C:\Program Files\Java\jdk-21\bin\zip.dll
Event: 0.496 Loaded shared library C:\Program Files\Java\jdk-21\bin\extnet.dll
Event: 0.549 Loaded shared library C:\Program Files\Java\jdk-21\bin\jimage.dll
Event: 0.987 Loaded shared library C:\Program Files\Java\jdk-21\bin\management.dll
Event: 0.991 Loaded shared library C:\Program Files\Java\jdk-21\bin\management_ext.dll
Event: 2.735 Loaded shared library C:\Program Files\Java\jdk-21\bin\sunmscapi.dll

Deoptimization events (20 events):
Event: 3.184 Thread 0x000001c6f78eb2e0 DEOPT PACKING pc=0x000001c69a26c0bd sp=0x0000005b16bfe370
Event: 3.184 Thread 0x000001c6f78eb2e0 DEOPT UNPACKING pc=0x000001c6a1614e42 sp=0x0000005b16bfd860 mode 0
Event: 3.185 Thread 0x000001c6f78eb2e0 DEOPT PACKING pc=0x000001c69a26c0bd sp=0x0000005b16bfe370
Event: 3.185 Thread 0x000001c6f78eb2e0 DEOPT UNPACKING pc=0x000001c6a1614e42 sp=0x0000005b16bfd860 mode 0
Event: 3.185 Thread 0x000001c6f78eb2e0 DEOPT PACKING pc=0x000001c69a26c0bd sp=0x0000005b16bfe370
Event: 3.185 Thread 0x000001c6f78eb2e0 DEOPT UNPACKING pc=0x000001c6a1614e42 sp=0x0000005b16bfd860 mode 0
Event: 3.185 Thread 0x000001c6f78eb2e0 DEOPT PACKING pc=0x000001c69a26c0bd sp=0x0000005b16bfe370
Event: 3.185 Thread 0x000001c6f78eb2e0 DEOPT UNPACKING pc=0x000001c6a1614e42 sp=0x0000005b16bfd860 mode 0
Event: 3.298 Thread 0x000001c6f78eb2e0 Uncommon trap: trap_request=0xffffff45 fr.pc=0x000001c6a1c6ee00 relative=0x00000000000003a0
Event: 3.299 Thread 0x000001c6f78eb2e0 Uncommon trap: reason=unstable_if action=reinterpret pc=0x000001c6a1c6ee00 method=java.lang.Integer.parseInt(Ljava/lang/String;I)I @ 119 c2
Event: 3.299 Thread 0x000001c6f78eb2e0 DEOPT PACKING pc=0x000001c6a1c6ee00 sp=0x0000005b16bfe200
Event: 3.299 Thread 0x000001c6f78eb2e0 DEOPT UNPACKING pc=0x000001c6a16146a2 sp=0x0000005b16bfe178 mode 2
Event: 3.315 Thread 0x000001c6f78eb2e0 Uncommon trap: trap_request=0xffffffde fr.pc=0x000001c6a1c59e9c relative=0x0000000000001d7c
Event: 3.315 Thread 0x000001c6f78eb2e0 Uncommon trap: reason=class_check action=maybe_recompile pc=0x000001c6a1c59e9c method=java.util.HashMap.putVal(ILjava/lang/Object;Ljava/lang/Object;ZZ)Ljava/lang/Object; @ 203 c2
Event: 3.315 Thread 0x000001c6f78eb2e0 DEOPT PACKING pc=0x000001c6a1c59e9c sp=0x0000005b16bfe4f0
Event: 3.315 Thread 0x000001c6f78eb2e0 DEOPT UNPACKING pc=0x000001c6a16146a2 sp=0x0000005b16bfe3b8 mode 2
Event: 3.425 Thread 0x000001c6f78eb2e0 Uncommon trap: trap_request=0xffffff45 fr.pc=0x000001c6a1bdd564 relative=0x0000000000000a24
Event: 3.425 Thread 0x000001c6f78eb2e0 Uncommon trap: reason=unstable_if action=reinterpret pc=0x000001c6a1bdd564 method=jdk.internal.org.objectweb.asm.SymbolTable.put(Ljdk/internal/org/objectweb/asm/SymbolTable$Entry;)Ljdk/internal/org/objectweb/asm/SymbolTable$Entry; @ 13 c2
Event: 3.425 Thread 0x000001c6f78eb2e0 DEOPT PACKING pc=0x000001c6a1bdd564 sp=0x0000005b16bfc890
Event: 3.425 Thread 0x000001c6f78eb2e0 DEOPT UNPACKING pc=0x000001c6a16146a2 sp=0x0000005b16bfc7c8 mode 2

Classes loaded (20 events):
Event: 2.794 Loading class sun/security/provider/certpath/ldap/JdkLDAP$ProviderService
Event: 2.794 Loading class sun/security/provider/certpath/ldap/JdkLDAP$ProviderService done
Event: 2.794 Loading class com/sun/security/sasl/Provider
Event: 2.795 Loading class com/sun/security/sasl/Provider done
Event: 2.795 Loading class com/sun/security/sasl/Provider$1
Event: 2.796 Loading class com/sun/security/sasl/Provider$1 done
Event: 2.796 Loading class com/sun/security/sasl/Provider$ProviderService
Event: 2.796 Loading class com/sun/security/sasl/Provider$ProviderService done
Event: 2.815 Loading class javax/naming/ldap/LdapContext
Event: 2.815 Loading class javax/naming/directory/DirContext
Event: 2.816 Loading class javax/naming/directory/DirContext done
Event: 2.816 Loading class javax/naming/ldap/LdapContext done
Event: 2.926 Loading class javax/naming/Referenceable
Event: 2.927 Loading class javax/naming/Referenceable done
Event: 3.431 Loading class java/util/stream/Streams$ConcatSpliterator$OfRef
Event: 3.432 Loading class java/util/stream/Streams$ConcatSpliterator
Event: 3.432 Loading class java/util/stream/Streams$ConcatSpliterator done
Event: 3.432 Loading class java/util/stream/Streams$ConcatSpliterator$OfRef done
Event: 3.433 Loading class java/util/stream/Streams$2
Event: 3.433 Loading class java/util/stream/Streams$2 done

Classes unloaded (0 events):
No events

Classes redefined (0 events):
No events

Internal exceptions (20 events):
Event: 1.660 Thread 0x000001c6f78eb2e0 Exception <a 'java/lang/NoSuchMethodError'{0x00000007138b7518}: 'int java.lang.invoke.DirectMethodHandle$Holder.invokeSpecialIFC(java.lang.Object, java.lang.Object, java.lang.Object, java.lang.Object)'> (0x00000007138b7518) 
thrown [s\open\src\hotspot\share\interpreter\linkResolver.cpp, line 773]
Event: 1.681 Thread 0x000001c6f78eb2e0 Exception <a 'java/lang/NoSuchMethodError'{0x0000000713955938}: 'void java.lang.invoke.DirectMethodHandle$Holder.invokeInterface(java.lang.Object, java.lang.Object, java.lang.Object)'> (0x0000000713955938) 
thrown [s\open\src\hotspot\share\interpreter\linkResolver.cpp, line 773]
Event: 1.711 Thread 0x000001c6f78eb2e0 Exception <a 'java/lang/NoSuchMethodError'{0x00000007139f7fe8}: 'void java.lang.invoke.DirectMethodHandle$Holder.invokeStaticInit(java.lang.Object, java.lang.Object, java.lang.Object)'> (0x00000007139f7fe8) 
thrown [s\open\src\hotspot\share\interpreter\linkResolver.cpp, line 773]
Event: 1.717 Thread 0x000001c6f78eb2e0 Exception <a 'java/lang/NoSuchMethodError'{0x000000071362ed28}: 'java.lang.Object java.lang.invoke.DirectMethodHandle$Holder.invokeStaticInit(java.lang.Object, int)'> (0x000000071362ed28) 
thrown [s\open\src\hotspot\share\interpreter\linkResolver.cpp, line 773]
Event: 1.724 Thread 0x000001c6f78eb2e0 Exception <a 'java/lang/NoSuchMethodError'{0x0000000713638dd0}: 'java.lang.Object java.lang.invoke.DirectMethodHandle$Holder.invokeStatic(java.lang.Object, int, java.lang.Object)'> (0x0000000713638dd0) 
thrown [s\open\src\hotspot\share\interpreter\linkResolver.cpp, line 773]
Event: 1.726 Thread 0x000001c6f78eb2e0 Exception <a 'java/lang/NoSuchMethodError'{0x000000071363c430}: 'java.lang.Object java.lang.invoke.DirectMethodHandle$Holder.invokeStaticInit(java.lang.Object, int, java.lang.Object)'> (0x000000071363c430) 
thrown [s\open\src\hotspot\share\interpreter\linkResolver.cpp, line 773]
Event: 1.737 Thread 0x000001c6f78eb2e0 Exception <a 'java/lang/NoSuchMethodError'{0x0000000713650e48}: 'java.lang.Object java.lang.invoke.DirectMethodHandle$Holder.invokeVirtual(java.lang.Object, java.lang.Object, java.lang.Object)'> (0x0000000713650e48) 
thrown [s\open\src\hotspot\share\interpreter\linkResolver.cpp, line 773]
Event: 1.772 Thread 0x000001c6f78eb2e0 Exception <a 'java/lang/NoSuchMethodError'{0x00000007136e69a0}: 'void java.lang.invoke.DirectMethodHandle$Holder.invokeVirtual(java.lang.Object, java.lang.Object, java.lang.Object, java.lang.Object)'> (0x00000007136e69a0) 
thrown [s\open\src\hotspot\share\interpreter\linkResolver.cpp, line 773]
Event: 1.873 Thread 0x000001c6f78eb2e0 Exception <a 'java/lang/NoSuchMethodError'{0x0000000713529178}: 'java.lang.Object java.lang.invoke.Invokers$Holder.invoke_MT(java.lang.Object, java.lang.Object, java.lang.Object, java.lang.Object, java.lang.Object, java.lang.Object, java.lang.Object, java.lang.Object, java.lang.Object)'> (0x0000000713529178) 
thrown [s\open\src\hotspot\share\interpreter\linkResolver.cpp, line 773]
Event: 1.890 Thread 0x000001c6f78eb2e0 Exception <a 'java/lang/NoSuchMethodError'{0x00000007135c3718}: 'java.lang.reflect.Field[] java.lang.Class.getDeclaredFields(java.lang.Class)'> (0x00000007135c3718) 
thrown [s\open\src\hotspot\share\interpreter\linkResolver.cpp, line 773]
Event: 1.913 Thread 0x000001c6f78eb2e0 Exception <a 'java/lang/IncompatibleClassChangeError'{0x0000000712e539d0}: Found class java.lang.Object, but interface was expected> (0x0000000712e539d0) 
thrown [s\open\src\hotspot\share\interpreter\linkResolver.cpp, line 840]
Event: 2.343 Thread 0x000001c6f78eb2e0 Exception <a 'java/lang/NoSuchMethodError'{0x000000071365af90}: 'int java.lang.invoke.DirectMethodHandle$Holder.invokeSpecial(java.lang.Object, java.lang.Object, java.lang.Object, java.lang.Object, java.lang.Object)'> (0x000000071365af90) 
thrown [s\open\src\hotspot\share\interpreter\linkResolver.cpp, line 773]
Event: 2.349 Thread 0x000001c6f78eb2e0 Exception <a 'java/lang/NoSuchMethodError'{0x0000000713734728}: 'void java.lang.invoke.DirectMethodHandle$Holder.invokeVirtual(java.lang.Object, java.lang.Object)'> (0x0000000713734728) 
thrown [s\open\src\hotspot\share\interpreter\linkResolver.cpp, line 773]
Event: 2.506 Thread 0x000001c6f7b816c0 Exception <a 'java/lang/NoSuchMethodError'{0x0000000712e81488}: 'long java.lang.invoke.DirectMethodHandle$Holder.invokeSpecial(java.lang.Object, java.lang.Object)'> (0x0000000712e81488) 
thrown [s\open\src\hotspot\share\interpreter\linkResolver.cpp, line 773]
Event: 2.510 Thread 0x000001c6f7b816c0 Exception <a 'java/lang/NoSuchMethodError'{0x0000000712e8ada8}: 'long java.lang.invoke.DirectMethodHandle$Holder.invokeStatic(java.lang.Object, java.lang.Object)'> (0x0000000712e8ada8) 
thrown [s\open\src\hotspot\share\interpreter\linkResolver.cpp, line 773]
Event: 2.511 Thread 0x000001c6f7b816c0 Exception <a 'java/lang/NoSuchMethodError'{0x0000000712e8de70}: 'long java.lang.invoke.DirectMethodHandle$Holder.invokeStaticInit(java.lang.Object, java.lang.Object)'> (0x0000000712e8de70) 
thrown [s\open\src\hotspot\share\interpreter\linkResolver.cpp, line 773]
Event: 2.514 Thread 0x000001c6f7b816c0 Exception <a 'java/lang/NoSuchMethodError'{0x0000000712edd760}: 'long java.lang.invoke.DirectMethodHandle$Holder.invokeInterface(java.lang.Object, java.lang.Object)'> (0x0000000712edd760) 
thrown [s\open\src\hotspot\share\interpreter\linkResolver.cpp, line 773]
Event: 2.515 Thread 0x000001c6f7b816c0 Exception <a 'java/lang/IncompatibleClassChangeError'{0x0000000712ee0770}: Found class java.lang.Object, but interface was expected> (0x0000000712ee0770) 
thrown [s\open\src\hotspot\share\interpreter\linkResolver.cpp, line 840]
Event: 2.519 Thread 0x000001c6f7b816c0 Exception <a 'java/lang/NoSuchMethodError'{0x0000000712ef7f48}: 'java.lang.Object java.lang.invoke.DirectMethodHandle$Holder.invokeVirtual(java.lang.Object, java.lang.Object, java.lang.Object, java.lang.Object)'> (0x0000000712ef7f48) 
thrown [s\open\src\hotspot\share\interpreter\linkResolver.cpp, line 773]
Event: 3.157 Thread 0x000001c6f78eb2e0 Exception <a 'java/lang/IncompatibleClassChangeError'{0x0000000711a8d128}: Found class java.lang.Object, but interface was expected> (0x0000000711a8d128) 
thrown [s\open\src\hotspot\share\interpreter\linkResolver.cpp, line 840]

ZGC Phase Switch (0 events):
No events

VM Operations (20 events):
Event: 1.858 Executing VM operation: HandshakeAllThreads (Deoptimize)
Event: 1.858 Executing VM operation: HandshakeAllThreads (Deoptimize) done
Event: 1.858 Executing VM operation: HandshakeAllThreads (Deoptimize)
Event: 1.858 Executing VM operation: HandshakeAllThreads (Deoptimize) done
Event: 1.949 Executing VM operation: G1CollectForAllocation (G1 Evacuation Pause)
Event: 1.956 Executing VM operation: G1CollectForAllocation (G1 Evacuation Pause) done
Event: 2.152 Executing VM operation: HandshakeAllThreads (Deoptimize)
Event: 2.152 Executing VM operation: HandshakeAllThreads (Deoptimize) done
Event: 2.239 Executing VM operation: HandshakeAllThreads (Deoptimize)
Event: 2.248 Executing VM operation: HandshakeAllThreads (Deoptimize) done
Event: 2.319 Executing VM operation: HandshakeAllThreads (Deoptimize)
Event: 2.319 Executing VM operation: HandshakeAllThreads (Deoptimize) done
Event: 2.606 Executing VM operation: ICBufferFull
Event: 2.606 Executing VM operation: ICBufferFull done
Event: 2.762 Executing VM operation: HandshakeAllThreads (Deoptimize)
Event: 2.763 Executing VM operation: HandshakeAllThreads (Deoptimize) done
Event: 3.189 Executing VM operation: HandshakeAllThreads (Deoptimize)
Event: 3.189 Executing VM operation: HandshakeAllThreads (Deoptimize) done
Event: 4.195 Executing VM operation: Cleanup
Event: 4.195 Executing VM operation: Cleanup done

Events (20 events):
Event: 0.134 Thread 0x000001c6b18b0980 Thread added: 0x000001c6b18b0980
Event: 0.134 Thread 0x000001c6b18b3b80 Thread added: 0x000001c6b18b3b80
Event: 0.134 Thread 0x000001c6b18b45d0 Thread added: 0x000001c6b18b45d0
Event: 0.134 Thread 0x000001c6b18b5560 Thread added: 0x000001c6b18b5560
Event: 0.134 Thread 0x000001c6b18b5fb0 Thread added: 0x000001c6b18b5fb0
Event: 0.134 Thread 0x000001c6b18b74d0 Thread added: 0x000001c6b18b74d0
Event: 0.135 Thread 0x000001c6b18bb0f0 Thread added: 0x000001c6b18bb0f0
Event: 0.239 Thread 0x000001c6b1ac3d20 Thread added: 0x000001c6b1ac3d20
Event: 0.341 Thread 0x000001c6b1d08700 Thread added: 0x000001c6b1d08700
Event: 0.342 Thread 0x000001c6b1c60400 Thread added: 0x000001c6b1c60400
Event: 0.478 Thread 0x000001c6f710a220 Thread added: 0x000001c6f710a220
Event: 0.478 Thread 0x000001c6f716f500 Thread added: 0x000001c6f716f500
Event: 1.081 Thread 0x000001c6f78e8780 Thread added: 0x000001c6f78e8780
Event: 1.090 Thread 0x000001c6f78eb2e0 Thread added: 0x000001c6f78eb2e0
Event: 1.594 Thread 0x000001c6b1c60400 Thread exited: 0x000001c6b1c60400
Event: 1.866 Thread 0x000001c6f7b816c0 Thread added: 0x000001c6f7b816c0
Event: 2.141 Thread 0x000001c6f80d52b0 Thread added: 0x000001c6f80d52b0
Event: 2.801 Thread 0x000001c6f7b816c0 Thread exited: 0x000001c6f7b816c0
Event: 2.805 Thread 0x000001c6f7b816c0 Thread added: 0x000001c6f7b816c0
Event: 3.050 Thread 0x000001c6f7b816c0 Thread exited: 0x000001c6f7b816c0


Dynamic libraries:
0x00007ff7493c0000 - 0x00007ff7493d0000 	C:\Program Files\Java\jdk-21\bin\java.exe
0x00007ff99b360000 - 0x00007ff99b5c8000 	C:\WINDOWS\SYSTEM32\ntdll.dll
0x00007ff99a190000 - 0x00007ff99a259000 	C:\WINDOWS\System32\KERNEL32.DLL
0x00007ff9988b0000 - 0x00007ff998ca8000 	C:\WINDOWS\System32\KERNELBASE.dll
0x00007ff998fb0000 - 0x00007ff9990fb000 	C:\WINDOWS\System32\ucrtbase.dll
0x00007ff95be40000 - 0x00007ff95be5b000 	C:\Program Files\Java\jdk-21\bin\VCRUNTIME140.dll
0x00007ff981bf0000 - 0x00007ff981c09000 	C:\Program Files\Java\jdk-21\bin\jli.dll
0x00007ff99a910000 - 0x00007ff99a9c4000 	C:\WINDOWS\System32\ADVAPI32.dll
0x00007ff99ae60000 - 0x00007ff99af09000 	C:\WINDOWS\System32\msvcrt.dll
0x00007ff999560000 - 0x00007ff999606000 	C:\WINDOWS\System32\sechost.dll
0x00007ff99b170000 - 0x00007ff99b288000 	C:\WINDOWS\System32\RPCRT4.dll
0x00007ff99afa0000 - 0x00007ff99b167000 	C:\WINDOWS\System32\USER32.dll
0x00007ff998f80000 - 0x00007ff998fa7000 	C:\WINDOWS\System32\win32u.dll
0x00007ff99b2d0000 - 0x00007ff99b2fb000 	C:\WINDOWS\System32\GDI32.dll
0x00007ff9986c0000 - 0x00007ff9987ec000 	C:\WINDOWS\System32\gdi32full.dll
0x00007ff97e390000 - 0x00007ff97e624000 	C:\WINDOWS\WinSxS\amd64_microsoft.windows.common-controls_6595b64144ccf1df_6.0.26100.7019_none_3e06ffa0e335b8a8\COMCTL32.dll
0x00007ff998ed0000 - 0x00007ff998f73000 	C:\WINDOWS\System32\msvcp_win.dll
0x00007ff980530000 - 0x00007ff98053b000 	C:\WINDOWS\SYSTEM32\VERSION.dll
0x00007ff99b290000 - 0x00007ff99b2c1000 	C:\WINDOWS\System32\IMM32.DLL
0x00007ff98fdc0000 - 0x00007ff98fdcc000 	C:\Program Files\Java\jdk-21\bin\vcruntime140_1.dll
0x00007ff945fc0000 - 0x00007ff94604e000 	C:\Program Files\Java\jdk-21\bin\msvcp140.dll
0x00007ff8eae80000 - 0x00007ff8ebb9a000 	C:\Program Files\Java\jdk-21\bin\server\jvm.dll
0x00007ff99af20000 - 0x00007ff99af94000 	C:\WINDOWS\System32\WS2_32.dll
0x00007ff995d90000 - 0x00007ff995dc5000 	C:\WINDOWS\SYSTEM32\WINMM.dll
0x00007ff998310000 - 0x00007ff99836e000 	C:\WINDOWS\SYSTEM32\POWRPROF.dll
0x00007ff9982f0000 - 0x00007ff998304000 	C:\WINDOWS\SYSTEM32\UMPDC.dll
0x00007ff997270000 - 0x00007ff99728b000 	C:\WINDOWS\SYSTEM32\kernel.appcore.dll
0x00007ff9866a0000 - 0x00007ff9866aa000 	C:\Program Files\Java\jdk-21\bin\jimage.dll
0x00007ff995ac0000 - 0x00007ff995d02000 	C:\WINDOWS\SYSTEM32\DBGHELP.DLL
0x00007ff99aad0000 - 0x00007ff99ae5b000 	C:\WINDOWS\System32\combase.dll
0x00007ff999680000 - 0x00007ff999757000 	C:\WINDOWS\System32\OLEAUT32.dll
0x00007ff995d50000 - 0x00007ff995d8c000 	C:\WINDOWS\SYSTEM32\dbgcore.DLL
0x00007ff998cb0000 - 0x00007ff998d55000 	C:\WINDOWS\System32\bcryptPrimitives.dll
0x00007ff95a590000 - 0x00007ff95a59f000 	C:\Program Files\Java\jdk-21\bin\instrument.dll
0x00007ff95ad80000 - 0x00007ff95ad9f000 	C:\Program Files\Java\jdk-21\bin\java.dll
0x00007ff999a30000 - 0x00007ff99a181000 	C:\WINDOWS\System32\SHELL32.dll
0x00007ff998d60000 - 0x00007ff998ecb000 	C:\WINDOWS\System32\wintypes.dll
0x00007ff9960b0000 - 0x00007ff99690d000 	C:\WINDOWS\SYSTEM32\windows.storage.dll
0x00007ff9993e0000 - 0x00007ff9994d2000 	C:\WINDOWS\System32\SHCORE.dll
0x00007ff999610000 - 0x00007ff999677000 	C:\WINDOWS\System32\shlwapi.dll
0x00007ff9983d0000 - 0x00007ff9983f9000 	C:\WINDOWS\SYSTEM32\profapi.dll
0x00007ff929e20000 - 0x00007ff929ef7000 	C:\Program Files\Java\jdk-21\bin\jsvml.dll
0x00007ff957970000 - 0x00007ff957988000 	C:\Program Files\Java\jdk-21\bin\zip.dll
0x00007ff9813f0000 - 0x00007ff981400000 	C:\Program Files\Java\jdk-21\bin\net.dll
0x00007ff9861f0000 - 0x00007ff986318000 	C:\WINDOWS\SYSTEM32\WINHTTP.dll
0x00007ff9977e0000 - 0x00007ff99784b000 	C:\WINDOWS\system32\mswsock.dll
0x00007ff957990000 - 0x00007ff9579a6000 	C:\Program Files\Java\jdk-21\bin\nio.dll
0x00007ff95bd50000 - 0x00007ff95bd59000 	C:\Program Files\Java\jdk-21\bin\extnet.dll
0x00007ff95a580000 - 0x00007ff95a58a000 	C:\Program Files\Java\jdk-21\bin\management.dll
0x00007ff957b80000 - 0x00007ff957b8b000 	C:\Program Files\Java\jdk-21\bin\management_ext.dll
0x00007ff99a260000 - 0x00007ff99a268000 	C:\WINDOWS\System32\PSAPI.DLL
0x00007ff957b90000 - 0x00007ff957b9e000 	C:\Program Files\Java\jdk-21\bin\sunmscapi.dll
0x00007ff9984b0000 - 0x00007ff998627000 	C:\WINDOWS\System32\CRYPT32.dll
0x00007ff997cc0000 - 0x00007ff997cf0000 	C:\WINDOWS\SYSTEM32\ncrypt.dll
0x00007ff997c70000 - 0x00007ff997caf000 	C:\WINDOWS\SYSTEM32\NTASN1.dll

dbghelp: loaded successfully - version: 4.0.5 - missing functions: none
symbol engine: initialized successfully - sym options: 0x614 - pdb path: .;C:\Program Files\Java\jdk-21\bin;C:\WINDOWS\SYSTEM32;C:\WINDOWS\WinSxS\amd64_microsoft.windows.common-controls_6595b64144ccf1df_6.0.26100.7019_none_3e06ffa0e335b8a8;C:\Program Files\Java\jdk-21\bin\server

VM Arguments:
jvm_args: -javaagent:C:\Program Files\JetBrains\IntelliJ IDEA Community Edition 2025.1\lib\idea_rt.jar=49678 -Dfile.encoding=UTF-8 -Dsun.stdout.encoding=UTF-8 -Dsun.stderr.encoding=UTF-8 
java_command: com.revs.secapp.SecApplication
java_class_path (initial): D:\Revs\Professional\YouTube\security-demo\target\classes;C:\Users\revsg\.m2\repository\org\springframework\boot\spring-boot-starter-actuator\3.5.7\spring-boot-starter-actuator-3.5.7.jar;C:\Users\revsg\.m2\repository\org\springframework\boot\spring-boot-starter\3.5.7\spring-boot-starter-3.5.7.jar;C:\Users\revsg\.m2\repository\org\springframework\boot\spring-boot-starter-logging\3.5.7\spring-boot-starter-logging-3.5.7.jar;C:\Users\revsg\.m2\repository\ch\qos\logback\logback-classic\1.5.20\logback-classic-1.5.20.jar;C:\Users\revsg\.m2\repository\ch\qos\logback\logback-core\1.5.20\logback-core-1.5.20.jar;C:\Users\revsg\.m2\repository\org\apache\logging\log4j\log4j-to-slf4j\2.24.3\log4j-to-slf4j-2.24.3.jar;C:\Users\revsg\.m2\repository\org\apache\logging\log4j\log4j-api\2.24.3\log4j-api-2.24.3.jar;C:\Users\revsg\.m2\repository\org\slf4j\jul-to-slf4j\2.0.17\jul-to-slf4j-2.0.17.jar;C:\Users\revsg\.m2\repository\jakarta\annotation\jakarta.annotation-api\2.1.1\jakarta.annotation-api-2.1.1.jar;C:\Users\revsg\.m2\repository\org\yaml\snakeyaml\2.4\snakeyaml-2.4.jar;C:\Users\revsg\.m2\repository\org\springframework\boot\spring-boot-actuator-autoconfigure\3.5.7\spring-boot-actuator-autoconfigure-3.5.7.jar;C:\Users\revsg\.m2\repository\org\springframework\boot\spring-boot-actuator\3.5.7\spring-boot-actuator-3.5.7.jar;C:\Users\revsg\.m2\repository\com\fasterxml\jackson\datatype\jackson-datatype-jsr310\2.19.2\jackson-datatype-jsr310-2.19.2.jar;C:\Users\revsg\.m2\repository\io\micrometer\micrometer-observation\1.15.5\micrometer-observation-1.15.5.jar;C:\Users\revsg\.m2\repository\io\micrometer\micrometer-commons\1.15.5\micrometer-commons-1.15.5.jar;C:\Users\revsg\.m2\repository\io\micrometer\micrometer-jakarta9\1.15.5\micrometer-jakarta9-1.15.5.jar;C:\Users\revsg\.m2\repository\io\micrometer\micrometer-core\1.15.5\micrometer-core-1.15.5.jar;C:\Users\revsg\.m2\repository\org\hdrhistogram\HdrHistogram\2.2.2\HdrHistogram-2.2.2.jar;C:\Users\revsg\.m2\repository\org\latencyutils\LatencyUtils\2.0.3\LatencyUtils-2.0.3.jar;C:\Users\revsg\.m2\repository\org\springframework\boot\spring-boot-starter-data-jpa\3.5.7\spring-boot-starter-data-jpa-3.5.7.jar;C:\Users\revsg\.m2\repository\org\springframework\boot\spring-boot-starter-jdbc\3.5.7\spring-boot-starter-jdbc-3.5.7.jar;C:\Users\revsg\.m2\repository\com\zaxxer\HikariCP\6.3.3\HikariCP-6.3.3.jar;C:\Users\revsg\.m2\repository\org\springframework\spring-jdbc\6.2.12\spring-jdbc-6.2.12.jar;C:\Users\revsg\.m2\repository\org\hibernate\orm\hibernate-core\6.6.33.Final\hibernate-core-6.6.33.Final.jar;C:\Users\revsg\.m2\repository\jakarta\persistence\jakarta.persistence-api\3.1.0\jakarta.persistence-api-3.1.0.jar;C:\Users\revsg\.m2\repository\jakarta\transaction\jakarta.transaction-api\2.0.1\jakarta.transaction-api-2.0.1.jar;C:\Users\revsg\.m2\repository\org\jboss\logging\jboss-logging\3.6.1.Final\jboss-logging-3.6.1.Final.jar;C:\Users\revsg\.m2\repository\org\hibernate\common\hibernate-commons-annotations\7.0.3.Final\hibernate-commons-annotations-7.0.3.Final.jar;C:\Users\revsg\.m2\repository\io\smallrye\jandex\3.2.0\jandex-3.2.0.jar;C:\Users\revsg\.m2\repository\com\fasterxml\classmate\1.7.1\classmate-1.7.1.jar;C:\Users\revsg\.m2\repository\net\bytebuddy\byte-buddy\1.17.8\byte-buddy-1.17.8.jar;C:\Users\revsg\.m2\repository\org\glassfish\jaxb\jaxb-runtime\4.0.6\jaxb-runtime-4.0.6.jar;C:\Users\revsg\.m2\repository\org\glassfish\jaxb\jaxb-core\4.0.6\jaxb-core-4.0.6.jar;C:\Users\revsg\.m2\repository\org\eclipse\angus\angus-activation\2.0.3\angus-activation-2.0.3.jar;C:\Users\revsg\.m2\repository\org\glassfish\jaxb\txw2\4.0.6\txw2-4.0.6.jar;C:\Users\revsg\.m2\repository\com\sun\istack\istack-commons-runtime\4.1.2\istack-commons-runtime-4.1.2.jar;C:\Users\revsg\.m2\repository\jakarta\inject\jakarta.inject-api\2.0.1\jakarta.inject-api-2.0.1.jar;C:\Users\revsg\.m2\repository\org\antlr\antlr4-runtime\4.13.0\antlr4-runtime-4.13.0.jar;C:\Users\revsg\.m2\repository\org\springframework\data\spring-data-jpa\3.5.5\spring-data-jpa-3.5.5.jar;C:\Users\revsg\.m2\repository\org\springframework\data\spring-data-commons\3.5.5\spring-data-commons-3.5.5.jar;C:\Users\revsg\.m2\repository\org\springframework\spring-orm\6.2.12\spring-orm-6.2.12.jar;C:\Users\revsg\.m2\repository\org\springframework\spring-context\6.2.12\spring-context-6.2.12.jar;C:\Users\revsg\.m2\repository\org\springframework\spring-tx\6.2.12\spring-tx-6.2.12.jar;C:\Users\revsg\.m2\repository\org\springframework\spring-beans\6.2.12\spring-beans-6.2.12.jar;C:\Users\revsg\.m2\repository\org\slf4j\slf4j-api\2.0.17\slf4j-api-2.0.17.jar;C:\Users\revsg\.m2\repository\org\springframework\spring-aspects\6.2.12\spring-aspects-6.2.12.jar;C:\Users\revsg\.m2\repository\org\aspectj\aspectjweaver\1.9.24\aspectjweaver-1.9.24.jar;C:\Users\revsg\.m2\repository\org\springframework\boot\spring-boot-starter-security\3.5.7\spring-boot-starter-security-3.5.7.jar;C:\Users\revsg\.m2\repository\org\springframework\spring-aop\6.2.12\spring-aop-6.2.12.jar;C:\Users\revsg\.m2\repository\org\springframework\security\spring-security-config\6.5.6\spring-security-config-6.5.6.jar;C:\Users\revsg\.m2\repository\org\springframework\security\spring-security-web\6.5.6\spring-security-web-6.5.6.jar;C:\Users\revsg\.m2\repository\org\springframework\spring-expression\6.2.12\spring-expression-6.2.12.jar;C:\Users\revsg\.m2\repository\org\springframework\boot\spring-boot-starter-web\3.5.7\spring-boot-starter-web-3.5.7.jar;C:\Users\revsg\.m2\repository\org\springframework\boot\spring-boot-starter-json\3.5.7\spring-boot-starter-json-3.5.7.jar;C:\Users\revsg\.m2\repository\com\fasterxml\jackson\datatype\jackson-datatype-jdk8\2.19.2\jackson-datatype-jdk8-2.19.2.jar;C:\Users\revsg\.m2\repository\com\fasterxml\jackson\module\jackson-module-parameter-names\2.19.2\jackson-module-parameter-names-2.19.2.jar;C:\Users\revsg\.m2\repository\org\springframework\boot\spring-boot-starter-tomcat\3.5.7\spring-boot-starter-tomcat-3.5.7.jar;C:\Users\revsg\.m2\repository\org\apache\tomcat\embed\tomcat-embed-core\10.1.48\tomcat-embed-core-10.1.48.jar;C:\Users\revsg\.m2\repository\org\apache\tomcat\embed\tomcat-embed-el\10.1.48\tomcat-embed-el-10.1.48.jar;C:\Users\revsg\.m2\repository\org\apache\tomcat\embed\tomcat-embed-websocket\10.1.48\tomcat-embed-websocket-10.1.48.jar;C:\Users\revsg\.m2\repository\org\springframework\spring-web\6.2.12\spring-web-6.2.12.jar;C:\Users\revsg\.m2\repository\org\springframework\spring-webmvc\6.2.12\spring-webmvc-6.2.12.jar;C:\Users\revsg\.m2\repository\io\jsonwebtoken\jjwt-api\0.12.6\jjwt-api-0.12.6.jar;C:\Users\revsg\.m2\repository\io\jsonwebtoken\jjwt-jackson\0.12.6\jjwt-jackson-0.12.6.jar;C:\Users\revsg\.m2\repository\com\fasterxml\jackson\core\jackson-databind\2.19.2\jackson-databind-2.19.2.jar;C:\Users\revsg\.m2\repository\com\fasterxml\jackson\core\jackson-annotations\2.19.2\jackson-annotations-2.19.2.jar;C:\Users\revsg\.m2\repository\com\fasterxml\jackson\core\jackson-core\2.19.2\jackson-core-2.19.2.jar;C:\Users\revsg\.m2\repository\io\jsonwebtoken\jjwt-impl\0.12.6\jjwt-impl-0.12.6.jar;C:\Users\revsg\.m2\repository\org\springframework\boot\spring-boot-devtools\3.5.7\spring-boot-devtools-3.5.7.jar;C:\Users\revsg\.m2\repository\org\springframework\boot\spring-boot\3.5.7\spring-boot-3.5.7.jar;C:\Users\revsg\.m2\repository\org\springframework\boot\spring-boot-autoconfigure\3.5.7\spring-boot-autoconfigure-3.5.7.jar;C:\Users\revsg\.m2\repository\com\mysql\mysql-connector-j\9.4.0\mysql-connector-j-9.4.0.jar;C:\Users\revsg\.m2\repository\org\springdoc\springdoc-openapi-starter-webmvc-ui\2.6.0\springdoc-openapi-starter-webmvc-ui-2.6.0.jar;C:\Users\revsg\.m2\repository\org\springdoc\springdoc-openapi-starter-webmvc-api\2.6.0\springdoc-openapi-starter-webmvc-api-2.6.0.jar;C:\Users\revsg\.m2\repository\org\springdoc\springdoc-openapi-starter-common\2.6.0\springdoc-openapi-starter-common-2.6.0.jar;C:\Users\revsg\.m2\repository\io\swagger\core\v3\swagger-core-jakarta\2.2.22\swagger-core-jakarta-2.2.22.jar;C:\Users\revsg\.m2\repository\org\apache\commons\commons-lang3\3.17.0\commons-lang3-3.17.0.jar;C:\Users\revsg\.m2\repository\io\swagger\core\v3\swagger-annotations-jakarta\2.2.22\swagger-annotations-jakarta-2.2.22.jar;C:\Users\revsg\.m2\repository\io\swagger\core\v3\swagger-models-jakarta\2.2.22\swagger-models-jakarta-2.2.22.jar;C:\Users\revsg\.m2\repository\jakarta\validation\jakarta.validation-api\3.0.2\jakarta.validation-api-3.0.2.jar;C:\Users\revsg\.m2\repository\com\fasterxml\jackson\dataformat\jackson-dataformat-yaml\2.19.2\jackson-dataformat-yaml-2.19.2.jar;C:\Users\revsg\.m2\repository\org\webjars\swagger-ui\5.17.14\swagger-ui-5.17.14.jar;C:\Users\revsg\.m2\repository\org\projectlombok\lombok\1.18.42\lombok-1.18.42.jar;C:\Users\revsg\.m2\repository\jakarta\xml\bind\jakarta.xml.bind-api\4.0.4\jakarta.xml.bind-api-4.0.4.jar;C:\Users\revsg\.m2\repository\jakarta\activation\jakarta.activation-api\2.1.4\jakarta.activation-api-2.1.4.jar;C:\Users\revsg\.m2\repository\org\springframework\spring-core\6.2.12\spring-core-6.2.12.jar;C:\Users\revsg\.m2\repository\org\springframework\spring-jcl\6.2.12\spring-jcl-6.2.12.jar;C:\Users\revsg\.m2\repository\org\springframework\security\spring-security-core\6.5.6\spring-security-core-6.5.6.jar;C:\Users\revsg\.m2\repository\org\springframework\security\spring-security-crypto\6.5.6\spring-security-crypto-6.5.6.jar
Launcher Type: SUN_STANDARD

[Global flags]
     intx CICompilerCount                          = 4                                         {product} {ergonomic}
     uint ConcGCThreads                            = 3                                         {product} {ergonomic}
     uint G1ConcRefinementThreads                  = 10                                        {product} {ergonomic}
   size_t G1HeapRegionSize                         = 2097152                                   {product} {ergonomic}
    uintx GCDrainStackTargetSize                   = 64                                        {product} {ergonomic}
   size_t InitialHeapSize                          = 264241152                                 {product} {ergonomic}
   size_t MarkStackSize                            = 4194304                                   {product} {ergonomic}
   size_t MaxHeapSize                              = 4213178368                                {product} {ergonomic}
   size_t MaxNewSize                               = 2527068160                                {product} {ergonomic}
   size_t MinHeapDeltaBytes                        = 2097152                                   {product} {ergonomic}
   size_t MinHeapSize                              = 8388608                                   {product} {ergonomic}
    uintx NonNMethodCodeHeapSize                   = 5839372                                {pd product} {ergonomic}
    uintx NonProfiledCodeHeapSize                  = 122909434                              {pd product} {ergonomic}
    uintx ProfiledCodeHeapSize                     = 122909434                              {pd product} {ergonomic}
    uintx ReservedCodeCacheSize                    = 251658240                              {pd product} {ergonomic}
     bool SegmentedCodeCache                       = true                                      {product} {ergonomic}
   size_t SoftMaxHeapSize                          = 4213178368                             {manageable} {ergonomic}
     bool UseCompressedOops                        = true                           {product lp64_product} {ergonomic}
     bool UseG1GC                                  = true                                      {product} {ergonomic}
     bool UseLargePagesIndividualAllocation        = false                                  {pd product} {ergonomic}

Logging:
Log output configuration:
 #0: stdout all=warning uptime,level,tags foldmultilines=false
 #1: stderr all=off uptime,level,tags foldmultilines=false

Environment Variables:
JAVA_HOME=C:\Program Files\Java\jdk-21
PATH=C:\Program Files\Common Files\Oracle\Java\javapath;C:\Python313\Scripts\;C:\Python313\;C:\WINDOWS\system32;C:\WINDOWS;C:\WINDOWS\System32\Wbem;C:\WINDOWS\System32\WindowsPowerShell\v1.0\;C:\WINDOWS\System32\OpenSSH\;C:\Program Files\dotnet\;C:\Program Files\Java\jdk-17\bin;C:\Users\revsg\anaconda3;C:\ProgramData\chocolatey\bin;C:\Program Files\Java\jdk-21\bin;C:\dev-tools\apache-maven-3.9.9\bin;C:\Program Files\nodejs\;C:\dev-tools\gradle-9.0.0\bin;C:\Program Files\PuTTY\;C:\Program Files\Docker\Docker\resources\bin;C:\Users\revsg\AppData\Local\Microsoft\WindowsApps;C:\Program Files\JetBrains\PyCharm Community Edition 2022.3.2\bin;;C:\Program Files\JetBrains\IntelliJ IDEA Community Edition 2025.1\bin;;C:\Users\revsg\.dotnet\tools;C:\Users\revsg\AppData\Local\Microsoft\WinGet\Packages\Schniz.fnm_Microsoft.Winget.Source_8wekyb3d8bbwe;C:\Program Files\JetBrains\WebStorm 2024.1.5\bin;;C:\Program Files\Java\jdk-21\bin;C:\dev-tools\apache-maven-3.9.9\bin;C:\Program Files\Git\bin;C:\Users\revsg\AppData\Local\Programs\Microsoft VS Code\bin;C:\Users\revsg\AppData\Roaming\npm;
USERNAME=revsg
OS=Windows_NT
PROCESSOR_IDENTIFIER=Intel64 Family 6 Model 154 Stepping 4, GenuineIntel
TMP=C:\Users\revsg\AppData\Local\Temp
TEMP=C:\Users\revsg\AppData\Local\Temp




Periodic native trim disabled

---------------  S Y S T E M  ---------------

OS:
 Windows 11 , 64 bit Build 26100 (10.0.26100.7019)
OS uptime: 3 days 5:29 hours
Hyper-V role detected

CPU: total 12 (initial active 12) (6 cores per cpu, 2 threads per core) family 6 model 154 stepping 4 microcode 0x435, cx8, cmov, fxsr, ht, mmx, 3dnowpref, sse, sse2, sse3, ssse3, sse4.1, sse4.2, popcnt, lzcnt, tsc, tscinvbit, avx, avx2, aes, erms, clmul, bmi1, bmi2, adx, sha, fma, vzeroupper, clflush, clflushopt, clwb, hv, serialize, rdtscp, rdpid, fsrm, f16c, cet_ibt, cet_ss
Processor Information for processor 0
  Max Mhz: 1700, Current Mhz: 1700, Mhz Limit: 1700
Processor Information for processor 1
  Max Mhz: 1700, Current Mhz: 1700, Mhz Limit: 1700
Processor Information for processor 2
  Max Mhz: 1700, Current Mhz: 1700, Mhz Limit: 1700
Processor Information for processor 3
  Max Mhz: 1700, Current Mhz: 1700, Mhz Limit: 1700
Processor Information for processor 4
  Max Mhz: 1700, Current Mhz: 1558, Mhz Limit: 1700
Processor Information for processor 5
  Max Mhz: 1700, Current Mhz: 1700, Mhz Limit: 1700
Processor Information for processor 6
  Max Mhz: 1700, Current Mhz: 1558, Mhz Limit: 1700
Processor Information for processor 7
  Max Mhz: 1700, Current Mhz: 1558, Mhz Limit: 1700
Processor Information for processor 8
  Max Mhz: 1700, Current Mhz: 1558, Mhz Limit: 1700
Processor Information for processor 9
  Max Mhz: 1700, Current Mhz: 1558, Mhz Limit: 1700
Processor Information for processor 10
  Max Mhz: 1700, Current Mhz: 1558, Mhz Limit: 1700
Processor Information for processor 11
  Max Mhz: 1700, Current Mhz: 1558, Mhz Limit: 1700

Memory: 4k page, system-wide physical 16068M (1065M free)
TotalPageFile size 47146M (AvailPageFile size 132M)
current process WorkingSet (physical memory assigned to process): 162M, peak: 163M
current process commit charge ("private bytes"): 404M, peak: 405M

vm_info: Java HotSpot(TM) 64-Bit Server VM (21.0.7+8-LTS-245) for windows-amd64 JRE (21.0.7+8-LTS-245), built on 2025-02-21T05:11:27Z by "mach5one" with MS VC++ 17.6 (VS2022)

END.
