#
# There is insufficient memory for the Java Runtime Environment to continue.
# Native memory allocation (malloc) failed to allocate 1778672 bytes for Chunk::new
# Possible reasons:
#   The system is out of physical RAM or swap space
#   The process is running with CompressedOops enabled, and the Java Heap may be blocking the growth of the native heap
# Possible solutions:
#   Reduce memory load on the system
#   Increase physical memory or swap space
#   Check if swap backing store is full
#   Decrease Java heap size (-Xmx/-Xms)
#   Decrease number of Java threads
#   Decrease Java thread stack sizes (-Xss)
#   Set larger code cache with -XX:ReservedCodeCacheSize=
#   JVM is running with Zero Based Compressed Oops mode in which the Java heap is
#     placed in the first 32GB address space. The Java Heap base address is the
#     maximum limit for the native heap growth. Please use -XX:HeapBaseMinAddress
#     to set the Java Heap base and to place the Java Heap above 32GB virtual address.
# This output file may be truncated or incomplete.
#
#  Out of Memory Error (arena.cpp:168), pid=26240, tid=17076
#
# JRE version: Java(TM) SE Runtime Environment (21.0.7+8) (build 21.0.7+8-LTS-245)
# Java VM: Java HotSpot(TM) 64-Bit Server VM (21.0.7+8-LTS-245, mixed mode, sharing, tiered, compressed oops, compressed class ptrs, g1 gc, windows-amd64)
# No core dump will be written. Minidumps are not enabled by default on client versions of Windows
#

---------------  S U M M A R Y ------------

Command Line: -javaagent:C:\Program Files\JetBrains\IntelliJ IDEA Community Edition 2025.1\lib\idea_rt.jar=56453 -Dfile.encoding=UTF-8 -Dsun.stdout.encoding=UTF-8 -Dsun.stderr.encoding=UTF-8 com.revs.secapp.SecApplication

Host: 12th Gen Intel(R) Core(TM) i7-1255U, 12 cores, 15G,  Windows 11 , 64 bit Build 26100 (10.0.26100.7019)
Time: Fri Nov  7 18:34:58 2025 India Standard Time elapsed time: 8.416911 seconds (0d 0h 0m 8s)

---------------  T H R E A D  ---------------

Current thread (0x000002671eb2b010):  JavaThread "C2 CompilerThread1" daemon [_thread_in_native, id=17076, stack(0x000000ee08200000,0x000000ee08300000) (1024K)]


Current CompileTask:
C2:   8417 4804       4       org.springframework.beans.factory.support.AbstractBeanFactory::isTypeMatch (745 bytes)

Stack: [0x000000ee08200000,0x000000ee08300000]
Native frames: (J=compiled Java code, j=interpreted, Vv=VM code, C=native code)
V  [jvm.dll+0x6cae19]
V  [jvm.dll+0x855741]
V  [jvm.dll+0x857c6e]
V  [jvm.dll+0x858343]
V  [jvm.dll+0x27e0b6]
V  [jvm.dll+0xc4ecd]
V  [jvm.dll+0xc5403]
V  [jvm.dll+0x3b578c]
V  [jvm.dll+0x1dfa19]
V  [jvm.dll+0x246c82]
V  [jvm.dll+0x24610f]
V  [jvm.dll+0x1c6efe]
V  [jvm.dll+0x255819]
V  [jvm.dll+0x253daa]
V  [jvm.dll+0x3eebb6]
V  [jvm.dll+0x7ffa1b]
V  [jvm.dll+0x6c94fd]
C  [ucrtbase.dll+0x37b0]
C  [KERNEL32.DLL+0x2e8d7]
C  [ntdll.dll+0x8c53c]


---------------  P R O C E S S  ---------------

Threads class SMR info:
_java_thread_list=0x0000026766d6cd70, length=15, elements={
0x000002677ce10ae0, 0x000002671e612460, 0x000002671e6130b0, 0x000002671e617c50,
0x000002671e618900, 0x000002671e619480, 0x000002671e61a130, 0x000002671e61f230,
0x000002671e620cd0, 0x000002671e8201c0, 0x000002671eb2b010, 0x000002671ea87e10,
0x000002671ea88470, 0x00000267657322c0, 0x0000026765247ae0
}

Java Threads: ( => current thread )
  0x000002677ce10ae0 JavaThread "main"                              [_thread_in_native, id=32984, stack(0x000000ee07100000,0x000000ee07200000) (1024K)]
  0x000002671e612460 JavaThread "Reference Handler"          daemon [_thread_blocked, id=4288, stack(0x000000ee07900000,0x000000ee07a00000) (1024K)]
  0x000002671e6130b0 JavaThread "Finalizer"                  daemon [_thread_blocked, id=34180, stack(0x000000ee07a00000,0x000000ee07b00000) (1024K)]
  0x000002671e617c50 JavaThread "Signal Dispatcher"          daemon [_thread_blocked, id=29496, stack(0x000000ee07b00000,0x000000ee07c00000) (1024K)]
  0x000002671e618900 JavaThread "Attach Listener"            daemon [_thread_blocked, id=40336, stack(0x000000ee07c00000,0x000000ee07d00000) (1024K)]
  0x000002671e619480 JavaThread "Service Thread"             daemon [_thread_blocked, id=18220, stack(0x000000ee07d00000,0x000000ee07e00000) (1024K)]
  0x000002671e61a130 JavaThread "Monitor Deflation Thread"   daemon [_thread_blocked, id=13568, stack(0x000000ee07e00000,0x000000ee07f00000) (1024K)]
  0x000002671e61f230 JavaThread "C2 CompilerThread0"         daemon [_thread_in_native, id=38364, stack(0x000000ee07f00000,0x000000ee08000000) (1024K)]
  0x000002671e620cd0 JavaThread "C1 CompilerThread0"         daemon [_thread_blocked, id=15992, stack(0x000000ee08000000,0x000000ee08100000) (1024K)]
  0x000002671e8201c0 JavaThread "Common-Cleaner"             daemon [_thread_blocked, id=42696, stack(0x000000ee08100000,0x000000ee08200000) (1024K)]
=>0x000002671eb2b010 JavaThread "C2 CompilerThread1"         daemon [_thread_in_native, id=17076, stack(0x000000ee08200000,0x000000ee08300000) (1024K)]
  0x000002671ea87e10 JavaThread "Monitor Ctrl-Break"         daemon [_thread_in_native, id=5328, stack(0x000000ee08300000,0x000000ee08400000) (1024K)]
  0x000002671ea88470 JavaThread "Notification Thread"        daemon [_thread_blocked, id=1636, stack(0x000000ee08400000,0x000000ee08500000) (1024K)]
  0x00000267657322c0 JavaThread "C2 CompilerThread2"         daemon [_thread_in_native, id=37124, stack(0x000000ee09000000,0x000000ee09100000) (1024K)]
  0x0000026765247ae0 JavaThread "mysql-cj-abandoned-connection-cleanup" daemon [_thread_blocked, id=31396, stack(0x000000ee09500000,0x000000ee09600000) (1024K)]
Total: 15

Other Threads:
  0x000002671e5fafb0 VMThread "VM Thread"                           [id=32072, stack(0x000000ee07800000,0x000000ee07900000) (1024K)]
  0x000002671e5e6880 WatcherThread "VM Periodic Task Thread"        [id=34000, stack(0x000000ee07700000,0x000000ee07800000) (1024K)]
  0x000002677e8dcbf0 WorkerThread "GC Thread#0"                     [id=19412, stack(0x000000ee07200000,0x000000ee07300000) (1024K)]
  0x00000267644f2480 WorkerThread "GC Thread#1"                     [id=17060, stack(0x000000ee08500000,0x000000ee08600000) (1024K)]
  0x00000267644f2820 WorkerThread "GC Thread#2"                     [id=27084, stack(0x000000ee08600000,0x000000ee08700000) (1024K)]
  0x00000267644f2bc0 WorkerThread "GC Thread#3"                     [id=15896, stack(0x000000ee08700000,0x000000ee08800000) (1024K)]
  0x00000267644f2f60 WorkerThread "GC Thread#4"                     [id=36384, stack(0x000000ee08800000,0x000000ee08900000) (1024K)]
  0x00000267644f3300 WorkerThread "GC Thread#5"                     [id=4644, stack(0x000000ee08900000,0x000000ee08a00000) (1024K)]
  0x0000026764c88530 WorkerThread "GC Thread#6"                     [id=41828, stack(0x000000ee08d00000,0x000000ee08e00000) (1024K)]
  0x0000026764daeab0 WorkerThread "GC Thread#7"                     [id=11756, stack(0x000000ee08e00000,0x000000ee08f00000) (1024K)]
  0x0000026764b65b10 WorkerThread "GC Thread#8"                     [id=33596, stack(0x000000ee08f00000,0x000000ee09000000) (1024K)]
  0x0000026765bd0810 WorkerThread "GC Thread#9"                     [id=41552, stack(0x000000ee08c00000,0x000000ee08d00000) (1024K)]
  0x000002677e8ed6e0 ConcurrentGCThread "G1 Main Marker"            [id=13440, stack(0x000000ee07300000,0x000000ee07400000) (1024K)]
  0x000002677e8ee1e0 WorkerThread "G1 Conc#0"                       [id=15508, stack(0x000000ee07400000,0x000000ee07500000) (1024K)]
  0x0000026765bd12f0 WorkerThread "G1 Conc#1"                       [id=19320, stack(0x000000ee09100000,0x000000ee09200000) (1024K)]
  0x0000026765bd0470 WorkerThread "G1 Conc#2"                       [id=20004, stack(0x000000ee09200000,0x000000ee09300000) (1024K)]
  0x000002671e4a5a20 ConcurrentGCThread "G1 Refine#0"               [id=20452, stack(0x000000ee07500000,0x000000ee07600000) (1024K)]
  0x000002671e4a7350 ConcurrentGCThread "G1 Service"                [id=15788, stack(0x000000ee07600000,0x000000ee07700000) (1024K)]
Total: 18

Threads with active compile tasks:
C2 CompilerThread0     9509 4767       4       org.springframework.core.annotation.TypeMappedAnnotations::get (52 bytes)
C2 CompilerThread1     9509 4804       4       org.springframework.beans.factory.support.AbstractBeanFactory::isTypeMatch (745 bytes)
C2 CompilerThread2     9510 4749       4       org.springframework.core.annotation.TypeMappedAnnotations::isPresent (39 bytes)
Total: 3

VM state: not at safepoint (normal execution)

VM Mutex/Monitor currently owned by a thread: None

Heap address: 0x0000000704e00000, size: 4018 MB, Compressed Oops mode: Zero based, Oop shift amount: 3

CDS archive(s) mapped at: [0x000002671f000000-0x000002671fc90000-0x000002671fc90000), size 13172736, SharedBaseAddress: 0x000002671f000000, ArchiveRelocationMode: 1.
Compressed class space mapped at: 0x0000026720000000-0x0000026760000000, reserved size: 1073741824
Narrow klass base: 0x000002671f000000, Narrow klass shift: 0, Narrow klass range: 0x100000000

GC Precious Log:
 CardTable entry size: 512
 Card Set container configuration: InlinePtr #cards 4 size 8 Array Of Cards #cards 16 size 48 Howl #buckets 8 coarsen threshold 3686 Howl Bitmap #cards 512 size 80 coarsen threshold 460 Card regions per heap region 1 cards per card region 4096
 CPUs: 12 total, 12 available
 Memory: 16068M
 Large Page Support: Disabled
 NUMA Support: Disabled
 Compressed Oops: Enabled (Zero based)
 Heap Region Size: 2M
 Heap Min Capacity: 8M
 Heap Initial Capacity: 252M
 Heap Max Capacity: 4018M
 Pre-touch: Disabled
 Parallel Workers: 10
 Concurrent Workers: 3
 Concurrent Refinement Workers: 10
 Periodic GC: Disabled

Heap:
 garbage-first heap   total 73728K, used 34946K [0x0000000704e00000, 0x0000000800000000)
  region size 2048K, 10 young (20480K), 3 survivors (6144K)
 Metaspace       used 37329K, committed 37824K, reserved 1114112K
  class space    used 4764K, committed 4992K, reserved 1048576K

Heap Regions: E=young(eden), S=young(survivor), O=old, HS=humongous(starts), HC=humongous(continues), CS=collection set, F=free, TAMS=top-at-mark-start, PB=parsable bottom
|   0|0x0000000704e00000, 0x0000000705000000, 0x0000000705000000|100%| O|  |TAMS 0x0000000704e00000| PB 0x0000000704e00000| Untracked 
|   1|0x0000000705000000, 0x0000000705200000, 0x0000000705200000|100%| O|  |TAMS 0x0000000705000000| PB 0x0000000705000000| Untracked 
|   2|0x0000000705200000, 0x0000000705400000, 0x0000000705400000|100%| O|  |TAMS 0x0000000705200000| PB 0x0000000705200000| Untracked 
|   3|0x0000000705400000, 0x0000000705400000, 0x0000000705600000|  0%| F|  |TAMS 0x0000000705400000| PB 0x0000000705400000| Untracked 
|   4|0x0000000705600000, 0x0000000705800000, 0x0000000705800000|100%| O|  |TAMS 0x0000000705600000| PB 0x0000000705600000| Untracked 
|   5|0x0000000705800000, 0x0000000705a00000, 0x0000000705a00000|100%| O|  |TAMS 0x0000000705800000| PB 0x0000000705800000| Untracked 
|   6|0x0000000705a00000, 0x0000000705c00000, 0x0000000705c00000|100%| O|  |TAMS 0x0000000705a00000| PB 0x0000000705a00000| Untracked 
|   7|0x0000000705c00000, 0x0000000705e00000, 0x0000000705e00000|100%| O|  |TAMS 0x0000000705c00000| PB 0x0000000705c00000| Untracked 
|   8|0x0000000705e00000, 0x0000000706000000, 0x0000000706000000|100%| O|  |TAMS 0x0000000705e00000| PB 0x0000000705e00000| Untracked 
|   9|0x0000000706000000, 0x00000007060f3c00, 0x0000000706200000| 47%| O|  |TAMS 0x0000000706000000| PB 0x0000000706000000| Untracked 
|  10|0x0000000706200000, 0x0000000706200000, 0x0000000706400000|  0%| F|  |TAMS 0x0000000706200000| PB 0x0000000706200000| Untracked 
|  11|0x0000000706400000, 0x0000000706400000, 0x0000000706600000|  0%| F|  |TAMS 0x0000000706400000| PB 0x0000000706400000| Untracked 
|  12|0x0000000706600000, 0x0000000706600000, 0x0000000706800000|  0%| F|  |TAMS 0x0000000706600000| PB 0x0000000706600000| Untracked 
|  13|0x0000000706800000, 0x0000000706800000, 0x0000000706a00000|  0%| F|  |TAMS 0x0000000706800000| PB 0x0000000706800000| Untracked 
|  14|0x0000000706a00000, 0x0000000706a00000, 0x0000000706c00000|  0%| F|  |TAMS 0x0000000706a00000| PB 0x0000000706a00000| Untracked 
|  15|0x0000000706c00000, 0x0000000706c00000, 0x0000000706e00000|  0%| F|  |TAMS 0x0000000706c00000| PB 0x0000000706c00000| Untracked 
|  16|0x0000000706e00000, 0x0000000706e00000, 0x0000000707000000|  0%| F|  |TAMS 0x0000000706e00000| PB 0x0000000706e00000| Untracked 
|  17|0x0000000707000000, 0x000000070712cd50, 0x0000000707200000| 58%| S|CS|TAMS 0x0000000707000000| PB 0x0000000707000000| Complete 
|  18|0x0000000707200000, 0x0000000707400000, 0x0000000707400000|100%| S|CS|TAMS 0x0000000707200000| PB 0x0000000707200000| Complete 
|  19|0x0000000707400000, 0x0000000707600000, 0x0000000707600000|100%| S|CS|TAMS 0x0000000707400000| PB 0x0000000707400000| Complete 
|  20|0x0000000707600000, 0x0000000707600000, 0x0000000707800000|  0%| F|  |TAMS 0x0000000707600000| PB 0x0000000707600000| Untracked 
|  21|0x0000000707800000, 0x0000000707800000, 0x0000000707a00000|  0%| F|  |TAMS 0x0000000707800000| PB 0x0000000707800000| Untracked 
|  22|0x0000000707a00000, 0x0000000707a00000, 0x0000000707c00000|  0%| F|  |TAMS 0x0000000707a00000| PB 0x0000000707a00000| Untracked 
|  23|0x0000000707c00000, 0x0000000707c00000, 0x0000000707e00000|  0%| F|  |TAMS 0x0000000707c00000| PB 0x0000000707c00000| Untracked 
|  24|0x0000000707e00000, 0x0000000707e00000, 0x0000000708000000|  0%| F|  |TAMS 0x0000000707e00000| PB 0x0000000707e00000| Untracked 
|  25|0x0000000708000000, 0x0000000708000000, 0x0000000708200000|  0%| F|  |TAMS 0x0000000708000000| PB 0x0000000708000000| Untracked 
|  26|0x0000000708200000, 0x0000000708200000, 0x0000000708400000|  0%| F|  |TAMS 0x0000000708200000| PB 0x0000000708200000| Untracked 
|  27|0x0000000708400000, 0x0000000708400000, 0x0000000708600000|  0%| F|  |TAMS 0x0000000708400000| PB 0x0000000708400000| Untracked 
|  28|0x0000000708600000, 0x0000000708600000, 0x0000000708800000|  0%| F|  |TAMS 0x0000000708600000| PB 0x0000000708600000| Untracked 
|  29|0x0000000708800000, 0x00000007088570e8, 0x0000000708a00000| 17%| E|  |TAMS 0x0000000708800000| PB 0x0000000708800000| Complete 
|  30|0x0000000708a00000, 0x0000000708c00000, 0x0000000708c00000|100%| E|CS|TAMS 0x0000000708a00000| PB 0x0000000708a00000| Complete 
|  95|0x0000000710c00000, 0x0000000710e00000, 0x0000000710e00000|100%| E|CS|TAMS 0x0000000710c00000| PB 0x0000000710c00000| Complete 
|  96|0x0000000710e00000, 0x0000000711000000, 0x0000000711000000|100%| E|CS|TAMS 0x0000000710e00000| PB 0x0000000710e00000| Complete 
|  97|0x0000000711000000, 0x0000000711200000, 0x0000000711200000|100%| E|CS|TAMS 0x0000000711000000| PB 0x0000000711000000| Complete 
|  98|0x0000000711200000, 0x0000000711400000, 0x0000000711400000|100%| E|CS|TAMS 0x0000000711200000| PB 0x0000000711200000| Complete 
| 125|0x0000000714800000, 0x0000000714a00000, 0x0000000714a00000|100%| E|CS|TAMS 0x0000000714800000| PB 0x0000000714800000| Complete 

Card table byte_map: [0x00000267173d0000,0x0000026717bb0000] _byte_map_base: 0x0000026713ba9000

Marking Bits: (CMBitMap*) 0x000002677e8dd2f0
 Bits: [0x0000026717bb0000, 0x000002671ba78000)

Polling page: 0x000002677cfc0000

Metaspace:

Usage:
  Non-class:     31.80 MB used.
      Class:      4.65 MB used.
       Both:     36.45 MB used.

Virtual space:
  Non-class space:       64.00 MB reserved,      32.06 MB ( 50%) committed,  1 nodes.
      Class space:        1.00 GB reserved,       4.88 MB ( <1%) committed,  1 nodes.
             Both:        1.06 GB reserved,      36.94 MB (  3%) committed. 

Chunk freelists:
   Non-Class:  15.81 MB
       Class:  10.94 MB
        Both:  26.75 MB

MaxMetaspaceSize: unlimited
CompressedClassSpaceSize: 1.00 GB
Initial GC threshold: 21.00 MB
Current GC threshold: 59.00 MB
CDS: on
 - commit_granule_bytes: 65536.
 - commit_granule_words: 8192.
 - virtual_space_node_default_size: 8388608.
 - enlarge_chunks_in_place: 1.
 - use_allocation_guard: 0.


Internal statistics:

num_allocs_failed_limit: 6.
num_arena_births: 714.
num_arena_deaths: 0.
num_vsnodes_births: 2.
num_vsnodes_deaths: 0.
num_space_committed: 591.
num_space_uncommitted: 0.
num_chunks_returned_to_freelist: 6.
num_chunks_taken_from_freelist: 2133.
num_chunk_merges: 6.
num_chunk_splits: 1440.
num_chunks_enlarged: 1034.
num_inconsistent_stats: 0.

CodeHeap 'non-profiled nmethods': size=120000Kb used=3191Kb max_used=3191Kb free=116808Kb
 bounds [0x000002670fea0000, 0x00000267101e0000, 0x00000267173d0000]
CodeHeap 'profiled nmethods': size=120000Kb used=9614Kb max_used=10085Kb free=110385Kb
 bounds [0x00000267083d0000, 0x0000026708dc0000, 0x000002670f900000]
CodeHeap 'non-nmethods': size=5760Kb used=1482Kb max_used=1571Kb free=4277Kb
 bounds [0x000002670f900000, 0x000002670fb70000, 0x000002670fea0000]
 total_blobs=5043 nmethods=4483 adapters=464
 compilation: enabled
              stopped_count=0, restarted_count=0
 full_count=0

Compilation events (20 events):
Event: 7.286 Thread 0x000002671e620cd0 4876       3       org.springframework.boot.autoconfigure.condition.ConditionEvaluationReport$ConditionAndOutcomes::iterator (13 bytes)
Event: 7.287 Thread 0x000002671e620cd0 nmethod 4876 0x0000026708447a90 code [0x0000026708447ca0, 0x00000267084482c8]
Event: 7.292 Thread 0x000002671e61f230 nmethod 4769 0x00000267101d4090 code [0x00000267101d44a0, 0x00000267101d6fa8]
Event: 7.293 Thread 0x000002671e61f230 4877 %     4       java.util.TreeMap::forEach @ 15 (58 bytes)
Event: 7.311 Thread 0x000002671e620cd0 4879       3       java.lang.reflect.Executable::isVarArgs (17 bytes)
Event: 7.311 Thread 0x000002671e620cd0 nmethod 4879 0x000002670840ae90 code [0x000002670840b040, 0x000002670840b260]
Event: 7.329 Thread 0x000002671e61f230 nmethod 4877% 0x000002670ff53010 code [0x000002670ff53280, 0x000002670ff53ef0]
Event: 7.329 Thread 0x000002671e61f230 4755       4       java.lang.Boolean::equals (29 bytes)
Event: 7.331 Thread 0x000002671e61f230 nmethod 4755 0x000002670ff08a10 code [0x000002670ff08ba0, 0x000002670ff08c68]
Event: 7.331 Thread 0x000002671e61f230 4767       4       org.springframework.core.annotation.TypeMappedAnnotations::get (52 bytes)
Event: 7.336 Thread 0x000002671e620cd0 4880       3       java.lang.reflect.Constructor::isVarArgs (5 bytes)
Event: 7.337 Thread 0x000002671e620cd0 nmethod 4880 0x0000026708623910 code [0x0000026708623ac0, 0x0000026708623ca0]
Event: 7.337 Thread 0x000002671e620cd0 4881       3       java.lang.invoke.MemberName::<init> (78 bytes)
Event: 7.338 Thread 0x000002671e620cd0 nmethod 4881 0x00000267084bfe90 code [0x00000267084c00c0, 0x00000267084c0ac8]
Event: 7.344 Thread 0x000002671e620cd0 4882       3       java.lang.invoke.MethodHandles$Lookup::unreflectConstructor (55 bytes)
Event: 7.345 Thread 0x000002671e620cd0 nmethod 4882 0x00000267084cf110 code [0x00000267084cf2e0, 0x00000267084cf618]
Event: 7.345 Thread 0x000002671e620cd0 4883       3       jdk.internal.reflect.MethodHandleAccessorFactory::specializedMethodTypeForConstructor (66 bytes)
Event: 7.345 Thread 0x000002671e620cd0 nmethod 4883 0x0000026708530490 code [0x00000267085306c0, 0x0000026708530ba0]
Event: 7.378 Thread 0x000002671e620cd0 4884       3       org.springframework.core.io.support.SpringFactoriesLoader$FactoryInstantiator::isKotlinType (19 bytes)
Event: 7.378 Thread 0x000002671e620cd0 nmethod 4884 0x00000267084f7610 code [0x00000267084f77c0, 0x00000267084f7918]

GC Heap History (12 events):
Event: 1.106 GC heap before
{Heap before GC invocations=0 (full 0):
 garbage-first heap   total 258048K, used 20480K [0x0000000704e00000, 0x0000000800000000)
  region size 2048K, 11 young (22528K), 0 survivors (0K)
 Metaspace       used 4433K, committed 4672K, reserved 1114112K
  class space    used 491K, committed 640K, reserved 1048576K
}
Event: 1.113 GC heap after
{Heap after GC invocations=1 (full 0):
 garbage-first heap   total 258048K, used 7406K [0x0000000704e00000, 0x0000000800000000)
  region size 2048K, 2 young (4096K), 2 survivors (4096K)
 Metaspace       used 4433K, committed 4672K, reserved 1114112K
  class space    used 491K, committed 640K, reserved 1048576K
}
Event: 1.959 GC heap before
{Heap before GC invocations=1 (full 0):
 garbage-first heap   total 258048K, used 29934K [0x0000000704e00000, 0x0000000800000000)
  region size 2048K, 14 young (28672K), 2 survivors (4096K)
 Metaspace       used 11346K, committed 11712K, reserved 1114112K
  class space    used 1439K, committed 1600K, reserved 1048576K
}
Event: 1.967 GC heap after
{Heap after GC invocations=2 (full 0):
 garbage-first heap   total 258048K, used 9766K [0x0000000704e00000, 0x0000000800000000)
  region size 2048K, 2 young (4096K), 2 survivors (4096K)
 Metaspace       used 11346K, committed 11712K, reserved 1114112K
  class space    used 1439K, committed 1600K, reserved 1048576K
}
Event: 3.177 GC heap before
{Heap before GC invocations=2 (full 0):
 garbage-first heap   total 258048K, used 56870K [0x0000000704e00000, 0x0000000800000000)
  region size 2048K, 27 young (55296K), 2 survivors (4096K)
 Metaspace       used 21188K, committed 21504K, reserved 1114112K
  class space    used 2611K, committed 2752K, reserved 1048576K
}
Event: 3.185 GC heap after
{Heap after GC invocations=3 (full 0):
 garbage-first heap   total 258048K, used 15400K [0x0000000704e00000, 0x0000000800000000)
  region size 2048K, 4 young (8192K), 4 survivors (8192K)
 Metaspace       used 21188K, committed 21504K, reserved 1114112K
  class space    used 2611K, committed 2752K, reserved 1048576K
}
Event: 4.427 GC heap before
{Heap before GC invocations=4 (full 0):
 garbage-first heap   total 61440K, used 60456K [0x0000000704e00000, 0x0000000800000000)
  region size 2048K, 26 young (53248K), 4 survivors (8192K)
 Metaspace       used 25686K, committed 26112K, reserved 1114112K
  class space    used 3177K, committed 3392K, reserved 1048576K
}
Event: 4.437 GC heap after
{Heap after GC invocations=5 (full 0):
 garbage-first heap   total 73728K, used 17943K [0x0000000704e00000, 0x0000000800000000)
  region size 2048K, 6 young (12288K), 6 survivors (12288K)
 Metaspace       used 25686K, committed 26112K, reserved 1114112K
  class space    used 3177K, committed 3392K, reserved 1048576K
}
Event: 5.535 GC heap before
{Heap before GC invocations=5 (full 0):
 garbage-first heap   total 73728K, used 48663K [0x0000000704e00000, 0x0000000800000000)
  region size 2048K, 21 young (43008K), 6 survivors (12288K)
 Metaspace       used 29730K, committed 30208K, reserved 1114112K
  class space    used 3762K, committed 3968K, reserved 1048576K
}
Event: 5.544 GC heap after
{Heap after GC invocations=6 (full 0):
 garbage-first heap   total 73728K, used 20594K [0x0000000704e00000, 0x0000000800000000)
  region size 2048K, 2 young (4096K), 2 survivors (4096K)
 Metaspace       used 29730K, committed 30208K, reserved 1114112K
  class space    used 3762K, committed 3968K, reserved 1048576K
}
Event: 6.655 GC heap before
{Heap before GC invocations=6 (full 0):
 garbage-first heap   total 73728K, used 49266K [0x0000000704e00000, 0x0000000800000000)
  region size 2048K, 18 young (36864K), 2 survivors (4096K)
 Metaspace       used 35687K, committed 36160K, reserved 1114112K
  class space    used 4487K, committed 4736K, reserved 1048576K
}
Event: 6.660 GC heap after
{Heap after GC invocations=7 (full 0):
 garbage-first heap   total 73728K, used 22658K [0x0000000704e00000, 0x0000000800000000)
  region size 2048K, 3 young (6144K), 3 survivors (6144K)
 Metaspace       used 35687K, committed 36160K, reserved 1114112K
  class space    used 4487K, committed 4736K, reserved 1048576K
}

Dll operation events (12 events):
Event: 0.011 Loaded shared library C:\Program Files\Java\jdk-21\bin\java.dll
Event: 0.048 Loaded shared library C:\Program Files\Java\jdk-21\bin\jsvml.dll
Event: 0.260 Loaded shared library C:\Program Files\Java\jdk-21\bin\zip.dll
Event: 0.263 Loaded shared library C:\Program Files\Java\jdk-21\bin\instrument.dll
Event: 0.268 Loaded shared library C:\Program Files\Java\jdk-21\bin\net.dll
Event: 0.269 Loaded shared library C:\Program Files\Java\jdk-21\bin\nio.dll
Event: 0.273 Loaded shared library C:\Program Files\Java\jdk-21\bin\zip.dll
Event: 0.538 Loaded shared library C:\Program Files\Java\jdk-21\bin\extnet.dll
Event: 0.604 Loaded shared library C:\Program Files\Java\jdk-21\bin\jimage.dll
Event: 1.029 Loaded shared library C:\Program Files\Java\jdk-21\bin\management.dll
Event: 1.041 Loaded shared library C:\Program Files\Java\jdk-21\bin\management_ext.dll
Event: 2.612 Loaded shared library C:\Program Files\Java\jdk-21\bin\sunmscapi.dll

Deoptimization events (20 events):
Event: 6.995 Thread 0x000002676457e470 DEOPT PACKING pc=0x0000026710156190 sp=0x000000ee08bfc2c0
Event: 6.995 Thread 0x000002676457e470 DEOPT UNPACKING pc=0x000002670f9546a2 sp=0x000000ee08bfc190 mode 2
Event: 6.995 Thread 0x000002676457e470 Uncommon trap: trap_request=0xffffff45 fr.pc=0x000002671017dc80 relative=0x0000000000000900
Event: 6.995 Thread 0x000002676457e470 Uncommon trap: reason=unstable_if action=reinterpret pc=0x000002671017dc80 method=org.springframework.core.annotation.TypeMappedAnnotations$IsPresent.doWithAnnotations(Ljava/lang/Object;ILjava/lang/Object;[Ljava/lang/annotation/Annotation;)Ljava/lang/Bool
Event: 6.995 Thread 0x000002676457e470 DEOPT PACKING pc=0x000002671017dc80 sp=0x000000ee08bfc230
Event: 6.995 Thread 0x000002676457e470 DEOPT UNPACKING pc=0x000002670f9546a2 sp=0x000000ee08bfc1c0 mode 2
Event: 7.026 Thread 0x000002676457e470 Uncommon trap: trap_request=0xffffff45 fr.pc=0x0000026710190928 relative=0x00000000000003e8
Event: 7.026 Thread 0x000002676457e470 Uncommon trap: reason=unstable_if action=reinterpret pc=0x0000026710190928 method=org.springframework.core.annotation.AnnotationsScanner.processClass(Ljava/lang/Object;Ljava/lang/Class;Lorg/springframework/core/annotation/MergedAnnotations$SearchStrategy;
Event: 7.026 Thread 0x000002676457e470 DEOPT PACKING pc=0x0000026710190928 sp=0x000000ee08bfca90
Event: 7.026 Thread 0x000002676457e470 DEOPT UNPACKING pc=0x000002670f9546a2 sp=0x000000ee08bfc8a0 mode 2
Event: 7.086 Thread 0x000002676457e470 DEOPT PACKING pc=0x0000026708b9ce38 sp=0x000000ee08bfcf30
Event: 7.087 Thread 0x000002676457e470 DEOPT UNPACKING pc=0x000002670f954e42 sp=0x000000ee08bfc3e8 mode 0
Event: 7.179 Thread 0x000002676457e470 Uncommon trap: trap_request=0xffffff45 fr.pc=0x000002671004128c relative=0x000000000000006c
Event: 7.179 Thread 0x000002676457e470 Uncommon trap: reason=unstable_if action=reinterpret pc=0x000002671004128c method=java.lang.ClassLoader.createOrGetClassLoaderValueMap()Ljava/util/concurrent/ConcurrentHashMap; @ 6 c2
Event: 7.179 Thread 0x000002676457e470 DEOPT PACKING pc=0x000002671004128c sp=0x000000ee08bfd760
Event: 7.179 Thread 0x000002676457e470 DEOPT UNPACKING pc=0x000002670f9546a2 sp=0x000000ee08bfd6e8 mode 2
Event: 7.198 Thread 0x0000026765247ae0 Uncommon trap: trap_request=0xffffff45 fr.pc=0x0000026710026214 relative=0x0000000000001e54
Event: 7.198 Thread 0x0000026765247ae0 Uncommon trap: reason=unstable_if action=reinterpret pc=0x0000026710026214 method=java.net.URLStreamHandler.parseURL(Ljava/net/URL;Ljava/lang/String;II)V @ 57 c2
Event: 7.198 Thread 0x0000026765247ae0 DEOPT PACKING pc=0x0000026710026214 sp=0x000000ee095fefa0
Event: 7.198 Thread 0x0000026765247ae0 DEOPT UNPACKING pc=0x000002670f9546a2 sp=0x000000ee095fef30 mode 2

Classes loaded (20 events):
Event: 7.202 Loading class java/beans/WeakIdentityMap$Entry
Event: 7.202 Loading class java/beans/WeakIdentityMap$Entry done
Event: 7.202 Loading class com/sun/beans/introspect/ClassInfo
Event: 7.203 Loading class com/sun/beans/introspect/ClassInfo done
Event: 7.203 Loading class com/sun/beans/introspect/ClassInfo$1
Event: 7.204 Loading class com/sun/beans/util/Cache
Event: 7.204 Loading class com/sun/beans/util/Cache done
Event: 7.205 Loading class com/sun/beans/introspect/ClassInfo$1 done
Event: 7.205 Loading class com/sun/beans/util/Cache$Kind
Event: 7.205 Loading class com/sun/beans/util/Cache$Kind done
Event: 7.206 Loading class com/sun/beans/util/Cache$Kind$1
Event: 7.206 Loading class com/sun/beans/util/Cache$Kind$1 done
Event: 7.206 Loading class com/sun/beans/util/Cache$Kind$2
Event: 7.207 Loading class com/sun/beans/util/Cache$Kind$2 done
Event: 7.207 Loading class com/sun/beans/util/Cache$Kind$3
Event: 7.207 Loading class com/sun/beans/util/Cache$Kind$3 done
Event: 7.207 Loading class com/sun/beans/util/Cache$CacheEntry
Event: 7.207 Loading class com/sun/beans/util/Cache$CacheEntry done
Event: 7.207 Loading class java/util/WeakHashMap$KeyIterator
Event: 7.207 Loading class java/util/WeakHashMap$KeyIterator done

Classes unloaded (0 events):
No events

Classes redefined (0 events):
No events

Internal exceptions (20 events):
Event: 6.061 Thread 0x000002676457e470 Exception <a 'java/lang/IncompatibleClassChangeError'{0x00000007086f6fe8}: Found class java.lang.Object, but interface was expected> (0x00000007086f6fe8) 
thrown [s\open\src\hotspot\share\interpreter\linkResolver.cpp, line 840]
Event: 6.077 Thread 0x000002676457e470 Exception <a 'java/lang/NoSuchMethodError'{0x0000000708740c30}: 'void java.lang.invoke.DirectMethodHandle$Holder.invokeStatic(java.lang.Object, java.lang.Object, java.lang.Object, int, java.lang.Object)'> (0x0000000708740c30) 
thrown [s\open\src\hotspot\share\interpreter\linkResolver.cpp, line 773]
Event: 6.078 Thread 0x000002676457e470 Exception <a 'java/lang/NoSuchMethodError'{0x0000000708747490}: 'java.lang.Object java.lang.invoke.DirectMethodHandle$Holder.newInvokeSpecial(java.lang.Object, java.lang.Object, java.lang.Object, int)'> (0x0000000708747490) 
thrown [s\open\src\hotspot\share\interpreter\linkResolver.cpp, line 773]
Event: 6.078 Thread 0x000002676457e470 Exception <a 'java/lang/NoSuchMethodError'{0x000000070874b320}: 'java.lang.Object java.lang.invoke.DirectMethodHandle$Holder.invokeSpecial(java.lang.Object, java.lang.Object, java.lang.Object, java.lang.Object, int)'> (0x000000070874b320) 
thrown [s\open\src\hotspot\share\interpreter\linkResolver.cpp, line 773]
Event: 6.078 Thread 0x000002676457e470 Exception <a 'java/lang/NoSuchMethodError'{0x000000070874e7b8}: 'java.lang.Object java.lang.invoke.Invokers$Holder.linkToTargetMethod(java.lang.Object, java.lang.Object, int, java.lang.Object)'> (0x000000070874e7b8) 
thrown [s\open\src\hotspot\share\interpreter\linkResolver.cpp, line 773]
Event: 6.258 Thread 0x000002676457e470 Exception <a 'java/lang/NoSuchMethodError'{0x0000000708001f10}: 'java.lang.Object java.lang.invoke.DirectMethodHandle$Holder.invokeStaticInit(java.lang.Object, int, int, int, int)'> (0x0000000708001f10) 
thrown [s\open\src\hotspot\share\interpreter\linkResolver.cpp, line 773]
Event: 6.285 Thread 0x000002676457e470 Exception <a 'java/lang/NoSuchMethodError'{0x00000007080679f8}: 'java.lang.Object java.lang.invoke.DirectMethodHandle$Holder.invokeStaticInit(java.lang.Object, java.lang.Object, int, int, int, int)'> (0x00000007080679f8) 
thrown [s\open\src\hotspot\share\interpreter\linkResolver.cpp, line 773]
Event: 6.536 Thread 0x000002676457e470 Exception <a 'sun/nio/fs/WindowsException'{0x0000000707bcf958}> (0x0000000707bcf958) 
thrown [s\open\src\hotspot\share\prims\jni.cpp, line 520]
Event: 6.537 Thread 0x000002676457e470 Exception <a 'sun/nio/fs/WindowsException'{0x0000000707bd00a8}> (0x0000000707bd00a8) 
thrown [s\open\src\hotspot\share\prims\jni.cpp, line 520]
Event: 6.547 Thread 0x000002676457e470 Exception <a 'java/lang/NoSuchMethodError'{0x0000000707bebe38}: 'int java.lang.invoke.DirectMethodHandle$Holder.invokeVirtual(java.lang.Object, java.lang.Object, java.lang.Object, java.lang.Object)'> (0x0000000707bebe38) 
thrown [s\open\src\hotspot\share\interpreter\linkResolver.cpp, line 773]
Event: 6.548 Thread 0x000002676457e470 Exception <a 'java/lang/NoSuchMethodError'{0x0000000707bef8b0}: 'int java.lang.invoke.DelegatingMethodHandle$Holder.reinvoke_L(java.lang.Object, java.lang.Object, java.lang.Object, java.lang.Object)'> (0x0000000707bef8b0) 
thrown [s\open\src\hotspot\share\interpreter\linkResolver.cpp, line 773]
Event: 6.601 Thread 0x000002676457e470 Exception <a 'java/io/FileNotFoundException'{0x00000007078f1320}> (0x00000007078f1320) 
thrown [s\open\src\hotspot\share\prims\jni.cpp, line 520]
Event: 6.689 Thread 0x000002676457e470 Exception <a 'java/lang/NoSuchMethodError'{0x0000000714874930}: 'int java.lang.invoke.DirectMethodHandle$Holder.invokeInterface(java.lang.Object, java.lang.Object, java.lang.Object, java.lang.Object)'> (0x0000000714874930) 
thrown [s\open\src\hotspot\share\interpreter\linkResolver.cpp, line 773]
Event: 6.804 Thread 0x000002676457e470 Exception <a 'java/lang/NoSuchMethodError'{0x00000007112d3948}: 'java.lang.Object java.lang.invoke.DirectMethodHandle$Holder.invokeStaticInit(java.lang.Object, java.lang.Object, java.lang.Object, java.lang.Object)'> (0x00000007112d3948) 
thrown [s\open\src\hotspot\share\interpreter\linkResolver.cpp, line 773]
Event: 6.808 Thread 0x000002676457e470 Exception <a 'java/lang/IncompatibleClassChangeError'{0x00000007112e2f10}: Found class java.lang.Object, but interface was expected> (0x00000007112e2f10) 
thrown [s\open\src\hotspot\share\interpreter\linkResolver.cpp, line 840]
Event: 6.813 Thread 0x000002676457e470 Exception <a 'java/lang/IncompatibleClassChangeError'{0x00000007112eea30}: Found class java.lang.Object, but interface was expected> (0x00000007112eea30) 
thrown [s\open\src\hotspot\share\interpreter\linkResolver.cpp, line 840]
Event: 6.824 Thread 0x000002676457e470 Exception <a 'java/lang/IncompatibleClassChangeError'{0x0000000711316950}: Found class java.lang.Object, but interface was expected> (0x0000000711316950) 
thrown [s\open\src\hotspot\share\interpreter\linkResolver.cpp, line 840]
Event: 7.105 Thread 0x000002676457e470 Exception <a 'java/lang/NoSuchMethodError'{0x0000000710c800c0}: 'long java.lang.invoke.DirectMethodHandle$Holder.invokeVirtual(java.lang.Object, java.lang.Object)'> (0x0000000710c800c0) 
thrown [s\open\src\hotspot\share\interpreter\linkResolver.cpp, line 773]
Event: 7.143 Thread 0x000002676457e470 Exception <a 'java/io/FileNotFoundException'{0x0000000710cc7ee0}> (0x0000000710cc7ee0) 
thrown [s\open\src\hotspot\share\prims\jni.cpp, line 520]
Event: 7.358 Thread 0x000002676457e470 Exception <a 'java/lang/NoClassDefFoundError'{0x0000000708ab03a8}: liquibase/exception/ChangeLogParseException> (0x0000000708ab03a8) 
thrown [s\open\src\hotspot\share\classfile\systemDictionary.cpp, line 301]

ZGC Phase Switch (0 events):
No events

VM Operations (20 events):
Event: 5.535 Executing VM operation: G1CollectForAllocation (G1 Evacuation Pause)
Event: 5.544 Executing VM operation: G1CollectForAllocation (G1 Evacuation Pause) done
Event: 5.594 Executing VM operation: HandshakeAllThreads (Deoptimize)
Event: 5.594 Executing VM operation: HandshakeAllThreads (Deoptimize) done
Event: 5.713 Executing VM operation: HandshakeAllThreads (Deoptimize)
Event: 5.713 Executing VM operation: HandshakeAllThreads (Deoptimize) done
Event: 5.921 Executing VM operation: ICBufferFull
Event: 5.922 Executing VM operation: ICBufferFull done
Event: 6.218 Executing VM operation: HandshakeAllThreads (Deoptimize)
Event: 6.218 Executing VM operation: HandshakeAllThreads (Deoptimize) done
Event: 6.645 Executing VM operation: HandshakeAllThreads (Deoptimize)
Event: 6.645 Executing VM operation: HandshakeAllThreads (Deoptimize) done
Event: 6.655 Executing VM operation: CollectForMetadataAllocation (Metadata GC Threshold)
Event: 6.660 Executing VM operation: CollectForMetadataAllocation (Metadata GC Threshold) done
Event: 6.672 Executing VM operation: G1PauseRemark
Event: 6.679 Executing VM operation: G1PauseRemark done
Event: 6.684 Executing VM operation: G1PauseCleanup
Event: 6.684 Executing VM operation: G1PauseCleanup done
Event: 7.694 Executing VM operation: Cleanup
Event: 7.694 Executing VM operation: Cleanup done

Events (20 events):
Event: 6.679 Thread 0x000002671e5fafb0 flushing nmethod 0x0000026708691e10
Event: 6.679 Thread 0x000002671e5fafb0 flushing nmethod 0x0000026708694f90
Event: 6.679 Thread 0x000002671e5fafb0 flushing nmethod 0x0000026708735c90
Event: 6.679 Thread 0x000002671e5fafb0 flushing nmethod 0x0000026708762d90
Event: 6.679 Thread 0x000002671e5fafb0 flushing nmethod 0x0000026708777390
Event: 6.679 Thread 0x000002671e5fafb0 flushing nmethod 0x000002670877a010
Event: 6.679 Thread 0x000002671e5fafb0 flushing nmethod 0x000002670877ef10
Event: 6.679 Thread 0x000002671e5fafb0 flushing nmethod 0x0000026708780b90
Event: 6.679 Thread 0x000002671e5fafb0 flushing nmethod 0x00000267087da710
Event: 6.679 Thread 0x000002671e5fafb0 flushing nmethod 0x00000267087db010
Event: 6.679 Thread 0x000002671e5fafb0 flushing nmethod 0x00000267087db810
Event: 6.679 Thread 0x000002671e5fafb0 flushing nmethod 0x00000267087dbd10
Event: 6.679 Thread 0x000002671e5fafb0 flushing nmethod 0x00000267087fef10
Event: 6.679 Thread 0x000002671e5fafb0 flushing nmethod 0x0000026708855b10
Event: 6.679 Thread 0x000002671e5fafb0 flushing nmethod 0x0000026708857590
Event: 7.168 Thread 0x0000026765248800 Thread added: 0x0000026765248800
Event: 7.171 Thread 0x0000026765249bb0 Thread added: 0x0000026765249bb0
Event: 7.197 Thread 0x0000026765247ae0 Thread added: 0x0000026765247ae0
Event: 7.208 Thread 0x0000026765248800 Thread exited: 0x0000026765248800
Event: 7.209 Thread 0x0000026765249bb0 Thread exited: 0x0000026765249bb0


Dynamic libraries:
0x00007ff7493c0000 - 0x00007ff7493d0000 	C:\Program Files\Java\jdk-21\bin\java.exe
0x00007ff99b360000 - 0x00007ff99b5c8000 	C:\WINDOWS\SYSTEM32\ntdll.dll
0x00007ff99a190000 - 0x00007ff99a259000 	C:\WINDOWS\System32\KERNEL32.DLL
0x00007ff9988b0000 - 0x00007ff998ca8000 	C:\WINDOWS\System32\KERNELBASE.dll
0x00007ff998fb0000 - 0x00007ff9990fb000 	C:\WINDOWS\System32\ucrtbase.dll
0x00007ff981bf0000 - 0x00007ff981c09000 	C:\Program Files\Java\jdk-21\bin\jli.dll
0x00007ff99a910000 - 0x00007ff99a9c4000 	C:\WINDOWS\System32\ADVAPI32.dll
0x00007ff95be40000 - 0x00007ff95be5b000 	C:\Program Files\Java\jdk-21\bin\VCRUNTIME140.dll
0x00007ff99ae60000 - 0x00007ff99af09000 	C:\WINDOWS\System32\msvcrt.dll
0x00007ff999560000 - 0x00007ff999606000 	C:\WINDOWS\System32\sechost.dll
0x00007ff99b170000 - 0x00007ff99b288000 	C:\WINDOWS\System32\RPCRT4.dll
0x00007ff99afa0000 - 0x00007ff99b167000 	C:\WINDOWS\System32\USER32.dll
0x00007ff998f80000 - 0x00007ff998fa7000 	C:\WINDOWS\System32\win32u.dll
0x00007ff99b2d0000 - 0x00007ff99b2fb000 	C:\WINDOWS\System32\GDI32.dll
0x00007ff9986c0000 - 0x00007ff9987ec000 	C:\WINDOWS\System32\gdi32full.dll
0x00007ff998ed0000 - 0x00007ff998f73000 	C:\WINDOWS\System32\msvcp_win.dll
0x00007ff97e390000 - 0x00007ff97e624000 	C:\WINDOWS\WinSxS\amd64_microsoft.windows.common-controls_6595b64144ccf1df_6.0.26100.7019_none_3e06ffa0e335b8a8\COMCTL32.dll
0x00007ff980530000 - 0x00007ff98053b000 	C:\WINDOWS\SYSTEM32\VERSION.dll
0x00007ff99b290000 - 0x00007ff99b2c1000 	C:\WINDOWS\System32\IMM32.DLL
0x00007ff98fdc0000 - 0x00007ff98fdcc000 	C:\Program Files\Java\jdk-21\bin\vcruntime140_1.dll
0x00007ff945fc0000 - 0x00007ff94604e000 	C:\Program Files\Java\jdk-21\bin\msvcp140.dll
0x00007ff8eae80000 - 0x00007ff8ebb9a000 	C:\Program Files\Java\jdk-21\bin\server\jvm.dll
0x00007ff99af20000 - 0x00007ff99af94000 	C:\WINDOWS\System32\WS2_32.dll
0x00007ff998310000 - 0x00007ff99836e000 	C:\WINDOWS\SYSTEM32\POWRPROF.dll
0x00007ff995d90000 - 0x00007ff995dc5000 	C:\WINDOWS\SYSTEM32\WINMM.dll
0x00007ff9982f0000 - 0x00007ff998304000 	C:\WINDOWS\SYSTEM32\UMPDC.dll
0x00007ff997270000 - 0x00007ff99728b000 	C:\WINDOWS\SYSTEM32\kernel.appcore.dll
0x00007ff9866a0000 - 0x00007ff9866aa000 	C:\Program Files\Java\jdk-21\bin\jimage.dll
0x00007ff995ac0000 - 0x00007ff995d02000 	C:\WINDOWS\SYSTEM32\DBGHELP.DLL
0x00007ff99aad0000 - 0x00007ff99ae5b000 	C:\WINDOWS\System32\combase.dll
0x00007ff999680000 - 0x00007ff999757000 	C:\WINDOWS\System32\OLEAUT32.dll
0x00007ff995d50000 - 0x00007ff995d8c000 	C:\WINDOWS\SYSTEM32\dbgcore.DLL
0x00007ff998cb0000 - 0x00007ff998d55000 	C:\WINDOWS\System32\bcryptPrimitives.dll
0x00007ff95a590000 - 0x00007ff95a59f000 	C:\Program Files\Java\jdk-21\bin\instrument.dll
0x00007ff95ad80000 - 0x00007ff95ad9f000 	C:\Program Files\Java\jdk-21\bin\java.dll
0x00007ff999a30000 - 0x00007ff99a181000 	C:\WINDOWS\System32\SHELL32.dll
0x00007ff998d60000 - 0x00007ff998ecb000 	C:\WINDOWS\System32\wintypes.dll
0x00007ff9960b0000 - 0x00007ff99690d000 	C:\WINDOWS\SYSTEM32\windows.storage.dll
0x00007ff9993e0000 - 0x00007ff9994d2000 	C:\WINDOWS\System32\SHCORE.dll
0x00007ff999610000 - 0x00007ff999677000 	C:\WINDOWS\System32\shlwapi.dll
0x00007ff9983d0000 - 0x00007ff9983f9000 	C:\WINDOWS\SYSTEM32\profapi.dll
0x00007ff929e20000 - 0x00007ff929ef7000 	C:\Program Files\Java\jdk-21\bin\jsvml.dll
0x00007ff957970000 - 0x00007ff957988000 	C:\Program Files\Java\jdk-21\bin\zip.dll
0x00007ff9813f0000 - 0x00007ff981400000 	C:\Program Files\Java\jdk-21\bin\net.dll
0x00007ff9861f0000 - 0x00007ff986318000 	C:\WINDOWS\SYSTEM32\WINHTTP.dll
0x00007ff9977e0000 - 0x00007ff99784b000 	C:\WINDOWS\system32\mswsock.dll
0x00007ff957990000 - 0x00007ff9579a6000 	C:\Program Files\Java\jdk-21\bin\nio.dll
0x00007ff95bd50000 - 0x00007ff95bd59000 	C:\Program Files\Java\jdk-21\bin\extnet.dll
0x00007ff95a580000 - 0x00007ff95a58a000 	C:\Program Files\Java\jdk-21\bin\management.dll
0x00007ff957b80000 - 0x00007ff957b8b000 	C:\Program Files\Java\jdk-21\bin\management_ext.dll
0x00007ff99a260000 - 0x00007ff99a268000 	C:\WINDOWS\System32\PSAPI.DLL
0x00007ff957b90000 - 0x00007ff957b9e000 	C:\Program Files\Java\jdk-21\bin\sunmscapi.dll
0x00007ff9984b0000 - 0x00007ff998627000 	C:\WINDOWS\System32\CRYPT32.dll
0x00007ff997cc0000 - 0x00007ff997cf0000 	C:\WINDOWS\SYSTEM32\ncrypt.dll
0x00007ff997c70000 - 0x00007ff997caf000 	C:\WINDOWS\SYSTEM32\NTASN1.dll
0x00007ff997aa0000 - 0x00007ff997abb000 	C:\WINDOWS\SYSTEM32\CRYPTSP.dll
0x00007ff9971d0000 - 0x00007ff99720a000 	C:\WINDOWS\system32\rsaenh.dll
0x00007ff997890000 - 0x00007ff9978bb000 	C:\WINDOWS\SYSTEM32\USERENV.dll
0x00007ff9983a0000 - 0x00007ff9983ca000 	C:\WINDOWS\SYSTEM32\bcrypt.dll
0x00007ff997ac0000 - 0x00007ff997acc000 	C:\WINDOWS\SYSTEM32\CRYPTBASE.dll
0x00007ff996db0000 - 0x00007ff996de4000 	C:\WINDOWS\SYSTEM32\IPHLPAPI.DLL
0x00007ff99b310000 - 0x00007ff99b31a000 	C:\WINDOWS\System32\NSI.dll

dbghelp: loaded successfully - version: 4.0.5 - missing functions: none
symbol engine: initialized successfully - sym options: 0x614 - pdb path: .;C:\Program Files\Java\jdk-21\bin;C:\WINDOWS\SYSTEM32;C:\WINDOWS\WinSxS\amd64_microsoft.windows.common-controls_6595b64144ccf1df_6.0.26100.7019_none_3e06ffa0e335b8a8;C:\Program Files\Java\jdk-21\bin\server

VM Arguments:
jvm_args: -javaagent:C:\Program Files\JetBrains\IntelliJ IDEA Community Edition 2025.1\lib\idea_rt.jar=56453 -Dfile.encoding=UTF-8 -Dsun.stdout.encoding=UTF-8 -Dsun.stderr.encoding=UTF-8 
java_command: com.revs.secapp.SecApplication
java_class_path (initial): D:\Revs\Professional\YouTube\security-demo\target\classes;C:\Users\revsg\.m2\repository\org\springframework\boot\spring-boot-starter-actuator\3.5.7\spring-boot-starter-actuator-3.5.7.jar;C:\Users\revsg\.m2\repository\org\springframework\boot\spring-boot-starter\3.5.7\spring-boot-starter-3.5.7.jar;C:\Users\revsg\.m2\repository\org\springframework\boot\spring-boot-starter-logging\3.5.7\spring-boot-starter-logging-3.5.7.jar;C:\Users\revsg\.m2\repository\ch\qos\logback\logback-classic\1.5.20\logback-classic-1.5.20.jar;C:\Users\revsg\.m2\repository\ch\qos\logback\logback-core\1.5.20\logback-core-1.5.20.jar;C:\Users\revsg\.m2\repository\org\apache\logging\log4j\log4j-to-slf4j\2.24.3\log4j-to-slf4j-2.24.3.jar;C:\Users\revsg\.m2\repository\org\apache\logging\log4j\log4j-api\2.24.3\log4j-api-2.24.3.jar;C:\Users\revsg\.m2\repository\org\slf4j\jul-to-slf4j\2.0.17\jul-to-slf4j-2.0.17.jar;C:\Users\revsg\.m2\repository\jakarta\annotation\jakarta.annotation-api\2.1.1\jakarta.annotation-api-2.1.1.jar;C:\Users\revsg\.m2\repository\org\yaml\snakeyaml\2.4\snakeyaml-2.4.jar;C:\Users\revsg\.m2\repository\org\springframework\boot\spring-boot-actuator-autoconfigure\3.5.7\spring-boot-actuator-autoconfigure-3.5.7.jar;C:\Users\revsg\.m2\repository\org\springframework\boot\spring-boot-actuator\3.5.7\spring-boot-actuator-3.5.7.jar;C:\Users\revsg\.m2\repository\com\fasterxml\jackson\datatype\jackson-datatype-jsr310\2.19.2\jackson-datatype-jsr310-2.19.2.jar;C:\Users\revsg\.m2\repository\io\micrometer\micrometer-observation\1.15.5\micrometer-observation-1.15.5.jar;C:\Users\revsg\.m2\repository\io\micrometer\micrometer-commons\1.15.5\micrometer-commons-1.15.5.jar;C:\Users\revsg\.m2\repository\io\micrometer\micrometer-jakarta9\1.15.5\micrometer-jakarta9-1.15.5.jar;C:\Users\revsg\.m2\repository\io\micrometer\micrometer-core\1.15.5\micrometer-core-1.15.5.jar;C:\Users\revsg\.m2\repository\org\hdrhistogram\HdrHistogram\2.2.2\HdrHistogram-2.2.2.jar;C:\Users\revsg\.m2\repository\org\latencyutils\LatencyUtils\2.0.3\LatencyUtils-2.0.3.jar;C:\Users\revsg\.m2\repository\org\springframework\boot\spring-boot-starter-data-jpa\3.5.7\spring-boot-starter-data-jpa-3.5.7.jar;C:\Users\revsg\.m2\repository\org\springframework\boot\spring-boot-starter-jdbc\3.5.7\spring-boot-starter-jdbc-3.5.7.jar;C:\Users\revsg\.m2\repository\com\zaxxer\HikariCP\6.3.3\HikariCP-6.3.3.jar;C:\Users\revsg\.m2\repository\org\springframework\spring-jdbc\6.2.12\spring-jdbc-6.2.12.jar;C:\Users\revsg\.m2\repository\org\hibernate\orm\hibernate-core\6.6.33.Final\hibernate-core-6.6.33.Final.jar;C:\Users\revsg\.m2\repository\jakarta\persistence\jakarta.persistence-api\3.1.0\jakarta.persistence-api-3.1.0.jar;C:\Users\revsg\.m2\repository\jakarta\transaction\jakarta.transaction-api\2.0.1\jakarta.transaction-api-2.0.1.jar;C:\Users\revsg\.m2\repository\org\jboss\logging\jboss-logging\3.6.1.Final\jboss-logging-3.6.1.Final.jar;C:\Users\revsg\.m2\repository\org\hibernate\common\hibernate-commons-annotations\7.0.3.Final\hibernate-commons-annotations-7.0.3.Final.jar;C:\Users\revsg\.m2\repository\io\smallrye\jandex\3.2.0\jandex-3.2.0.jar;C:\Users\revsg\.m2\repository\com\fasterxml\classmate\1.7.1\classmate-1.7.1.jar;C:\Users\revsg\.m2\repository\net\bytebuddy\byte-buddy\1.17.8\byte-buddy-1.17.8.jar;C:\Users\revsg\.m2\repository\org\glassfish\jaxb\jaxb-runtime\4.0.6\jaxb-runtime-4.0.6.jar;C:\Users\revsg\.m2\repository\org\glassfish\jaxb\jaxb-core\4.0.6\jaxb-core-4.0.6.jar;C:\Users\revsg\.m2\repository\org\eclipse\angus\angus-activation\2.0.3\angus-activation-2.0.3.jar;C:\Users\revsg\.m2\repository\org\glassfish\jaxb\txw2\4.0.6\txw2-4.0.6.jar;C:\Users\revsg\.m2\repository\com\sun\istack\istack-commons-runtime\4.1.2\istack-commons-runtime-4.1.2.jar;C:\Users\revsg\.m2\repository\jakarta\inject\jakarta.inject-api\2.0.1\jakarta.inject-api-2.0.1.jar;C:\Users\revsg\.m2\repository\org\antlr\antlr4-runtime\4.13.0\antlr4-runtime-4.13.0.jar;C:\Users\revsg\.m2\repository\org\springframework\data\spring-data-jpa\3.5.5\spring-data-jpa-3.5.5.jar;C:\Users\revsg\.m2\repository\org\springframework\data\spring-data-commons\3.5.5\spring-data-commons-3.5.5.jar;C:\Users\revsg\.m2\repository\org\springframework\spring-orm\6.2.12\spring-orm-6.2.12.jar;C:\Users\revsg\.m2\repository\org\springframework\spring-context\6.2.12\spring-context-6.2.12.jar;C:\Users\revsg\.m2\repository\org\springframework\spring-tx\6.2.12\spring-tx-6.2.12.jar;C:\Users\revsg\.m2\repository\org\springframework\spring-beans\6.2.12\spring-beans-6.2.12.jar;C:\Users\revsg\.m2\repository\org\slf4j\slf4j-api\2.0.17\slf4j-api-2.0.17.jar;C:\Users\revsg\.m2\repository\org\springframework\spring-aspects\6.2.12\spring-aspects-6.2.12.jar;C:\Users\revsg\.m2\repository\org\aspectj\aspectjweaver\1.9.24\aspectjweaver-1.9.24.jar;C:\Users\revsg\.m2\repository\org\springframework\boot\spring-boot-starter-security\3.5.7\spring-boot-starter-security-3.5.7.jar;C:\Users\revsg\.m2\repository\org\springframework\spring-aop\6.2.12\spring-aop-6.2.12.jar;C:\Users\revsg\.m2\repository\org\springframework\security\spring-security-config\6.5.6\spring-security-config-6.5.6.jar;C:\Users\revsg\.m2\repository\org\springframework\security\spring-security-web\6.5.6\spring-security-web-6.5.6.jar;C:\Users\revsg\.m2\repository\org\springframework\spring-expression\6.2.12\spring-expression-6.2.12.jar;C:\Users\revsg\.m2\repository\org\springframework\boot\spring-boot-starter-web\3.5.7\spring-boot-starter-web-3.5.7.jar;C:\Users\revsg\.m2\repository\org\springframework\boot\spring-boot-starter-json\3.5.7\spring-boot-starter-json-3.5.7.jar;C:\Users\revsg\.m2\repository\com\fasterxml\jackson\datatype\jackson-datatype-jdk8\2.19.2\jackson-datatype-jdk8-2.19.2.jar;C:\Users\revsg\.m2\repository\com\fasterxml\jackson\module\jackson-module-parameter-names\2.19.2\jackson-module-parameter-names-2.19.2.jar;C:\Users\revsg\.m2\repository\org\springframework\boot\spring-boot-starter-tomcat\3.5.7\spring-boot-starter-tomcat-3.5.7.jar;C:\Users\revsg\.m2\repository\org\apache\tomcat\embed\tomcat-embed-core\10.1.48\tomcat-embed-core-10.1.48.jar;C:\Users\revsg\.m2\repository\org\apache\tomcat\embed\tomcat-embed-el\10.1.48\tomcat-embed-el-10.1.48.jar;C:\Users\revsg\.m2\repository\org\apache\tomcat\embed\tomcat-embed-websocket\10.1.48\tomcat-embed-websocket-10.1.48.jar;C:\Users\revsg\.m2\repository\org\springframework\spring-web\6.2.12\spring-web-6.2.12.jar;C:\Users\revsg\.m2\repository\org\springframework\spring-webmvc\6.2.12\spring-webmvc-6.2.12.jar;C:\Users\revsg\.m2\repository\io\jsonwebtoken\jjwt-api\0.12.6\jjwt-api-0.12.6.jar;C:\Users\revsg\.m2\repository\io\jsonwebtoken\jjwt-jackson\0.12.6\jjwt-jackson-0.12.6.jar;C:\Users\revsg\.m2\repository\com\fasterxml\jackson\core\jackson-databind\2.19.2\jackson-databind-2.19.2.jar;C:\Users\revsg\.m2\repository\com\fasterxml\jackson\core\jackson-annotations\2.19.2\jackson-annotations-2.19.2.jar;C:\Users\revsg\.m2\repository\com\fasterxml\jackson\core\jackson-core\2.19.2\jackson-core-2.19.2.jar;C:\Users\revsg\.m2\repository\io\jsonwebtoken\jjwt-impl\0.12.6\jjwt-impl-0.12.6.jar;C:\Users\revsg\.m2\repository\org\springframework\boot\spring-boot-devtools\3.5.7\spring-boot-devtools-3.5.7.jar;C:\Users\revsg\.m2\repository\org\springframework\boot\spring-boot\3.5.7\spring-boot-3.5.7.jar;C:\Users\revsg\.m2\repository\org\springframework\boot\spring-boot-autoconfigure\3.5.7\spring-boot-autoconfigure-3.5.7.jar;C:\Users\revsg\.m2\repository\com\mysql\mysql-connector-j\9.4.0\mysql-connector-j-9.4.0.jar;C:\Users\revsg\.m2\repository\org\springdoc\springdoc-openapi-starter-webmvc-ui\2.6.0\springdoc-openapi-starter-webmvc-ui-2.6.0.jar;C:\Users\revsg\.m2\repository\org\springdoc\springdoc-openapi-starter-webmvc-api\2.6.0\springdoc-openapi-starter-webmvc-api-2.6.0.jar;C:\Users\revsg\.m2\repository\org\springdoc\springdoc-openapi-starter-common\2.6.0\springdoc-openapi-starter-common-2.6.0.jar;C:\Users\revsg\.m2\repository\io\swagger\core\v3\swagger-core-jakarta\2.2.22\swagger-core-jakarta-2.2.22.jar;C:\Users\revsg\.m2\repository\org\apache\commons\commons-lang3\3.17.0\commons-lang3-3.17.0.jar;C:\Users\revsg\.m2\repository\io\swagger\core\v3\swagger-annotations-jakarta\2.2.22\swagger-annotations-jakarta-2.2.22.jar;C:\Users\revsg\.m2\repository\io\swagger\core\v3\swagger-models-jakarta\2.2.22\swagger-models-jakarta-2.2.22.jar;C:\Users\revsg\.m2\repository\jakarta\validation\jakarta.validation-api\3.0.2\jakarta.validation-api-3.0.2.jar;C:\Users\revsg\.m2\repository\com\fasterxml\jackson\dataformat\jackson-dataformat-yaml\2.19.2\jackson-dataformat-yaml-2.19.2.jar;C:\Users\revsg\.m2\repository\org\webjars\swagger-ui\5.17.14\swagger-ui-5.17.14.jar;C:\Users\revsg\.m2\repository\org\projectlombok\lombok\1.18.42\lombok-1.18.42.jar;C:\Users\revsg\.m2\repository\jakarta\xml\bind\jakarta.xml.bind-api\4.0.4\jakarta.xml.bind-api-4.0.4.jar;C:\Users\revsg\.m2\repository\jakarta\activation\jakarta.activation-api\2.1.4\jakarta.activation-api-2.1.4.jar;C:\Users\revsg\.m2\repository\org\springframework\spring-core\6.2.12\spring-core-6.2.12.jar;C:\Users\revsg\.m2\repository\org\springframework\spring-jcl\6.2.12\spring-jcl-6.2.12.jar;C:\Users\revsg\.m2\repository\org\springframework\security\spring-security-core\6.5.6\spring-security-core-6.5.6.jar;C:\Users\revsg\.m2\repository\org\springframework\security\spring-security-crypto\6.5.6\spring-security-crypto-6.5.6.jar
Launcher Type: SUN_STANDARD

[Global flags]
     intx CICompilerCount                          = 4                                         {product} {ergonomic}
     uint ConcGCThreads                            = 3                                         {product} {ergonomic}
     uint G1ConcRefinementThreads                  = 10                                        {product} {ergonomic}
   size_t G1HeapRegionSize                         = 2097152                                   {product} {ergonomic}
    uintx GCDrainStackTargetSize                   = 64                                        {product} {ergonomic}
   size_t InitialHeapSize                          = 264241152                                 {product} {ergonomic}
   size_t MarkStackSize                            = 4194304                                   {product} {ergonomic}
   size_t MaxHeapSize                              = 4213178368                                {product} {ergonomic}
   size_t MaxNewSize                               = 2527068160                                {product} {ergonomic}
   size_t MinHeapDeltaBytes                        = 2097152                                   {product} {ergonomic}
   size_t MinHeapSize                              = 8388608                                   {product} {ergonomic}
    uintx NonNMethodCodeHeapSize                   = 5839372                                {pd product} {ergonomic}
    uintx NonProfiledCodeHeapSize                  = 122909434                              {pd product} {ergonomic}
    uintx ProfiledCodeHeapSize                     = 122909434                              {pd product} {ergonomic}
    uintx ReservedCodeCacheSize                    = 251658240                              {pd product} {ergonomic}
     bool SegmentedCodeCache                       = true                                      {product} {ergonomic}
   size_t SoftMaxHeapSize                          = 4213178368                             {manageable} {ergonomic}
     bool UseCompressedOops                        = true                           {product lp64_product} {ergonomic}
     bool UseG1GC                                  = true                                      {product} {ergonomic}
     bool UseLargePagesIndividualAllocation        = false                                  {pd product} {ergonomic}

Logging:
Log output configuration:
 #0: stdout all=warning uptime,level,tags foldmultilines=false
 #1: stderr all=off uptime,level,tags foldmultilines=false

Environment Variables:
JAVA_HOME=C:\Program Files\Java\jdk-21
PATH=C:\Program Files\Common Files\Oracle\Java\javapath;C:\Python313\Scripts\;C:\Python313\;C:\WINDOWS\system32;C:\WINDOWS;C:\WINDOWS\System32\Wbem;C:\WINDOWS\System32\WindowsPowerShell\v1.0\;C:\WINDOWS\System32\OpenSSH\;C:\Program Files\dotnet\;C:\Program Files\Java\jdk-17\bin;C:\Users\revsg\anaconda3;C:\ProgramData\chocolatey\bin;C:\Program Files\Java\jdk-21\bin;C:\dev-tools\apache-maven-3.9.9\bin;C:\Program Files\nodejs\;C:\dev-tools\gradle-9.0.0\bin;C:\Program Files\PuTTY\;C:\Program Files\Docker\Docker\resources\bin;C:\Users\revsg\AppData\Local\Microsoft\WindowsApps;C:\Program Files\JetBrains\PyCharm Community Edition 2022.3.2\bin;;C:\Program Files\JetBrains\IntelliJ IDEA Community Edition 2025.1\bin;;C:\Users\revsg\.dotnet\tools;C:\Users\revsg\AppData\Local\Microsoft\WinGet\Packages\Schniz.fnm_Microsoft.Winget.Source_8wekyb3d8bbwe;C:\Program Files\JetBrains\WebStorm 2024.1.5\bin;;C:\Program Files\Java\jdk-21\bin;C:\dev-tools\apache-maven-3.9.9\bin;C:\Program Files\Git\bin;C:\Users\revsg\AppData\Local\Programs\Microsoft VS Code\bin;C:\Users\revsg\AppData\Roaming\npm;
USERNAME=revsg
OS=Windows_NT
PROCESSOR_IDENTIFIER=Intel64 Family 6 Model 154 Stepping 4, GenuineIntel
TMP=C:\Users\revsg\AppData\Local\Temp
TEMP=C:\Users\revsg\AppData\Local\Temp




Periodic native trim disabled

---------------  S Y S T E M  ---------------

OS:
 Windows 11 , 64 bit Build 26100 (10.0.26100.7019)
OS uptime: 3 days 5:31 hours
Hyper-V role detected

CPU: total 12 (initial active 12) (6 cores per cpu, 2 threads per core) family 6 model 154 stepping 4 microcode 0x435, cx8, cmov, fxsr, ht, mmx, 3dnowpref, sse, sse2, sse3, ssse3, sse4.1, sse4.2, popcnt, lzcnt, tsc, tscinvbit, avx, avx2, aes, erms, clmul, bmi1, bmi2, adx, sha, fma, vzeroupper, clflush, clflushopt, clwb, hv, serialize, rdtscp, rdpid, fsrm, f16c, cet_ibt, cet_ss
Processor Information for all 12 processors :
  Max Mhz: 1700, Current Mhz: 1700, Mhz Limit: 1700

Memory: 4k page, system-wide physical 16068M (1677M free)
TotalPageFile size 47146M (AvailPageFile size 5M)
current process WorkingSet (physical memory assigned to process): 247M, peak: 248M
current process commit charge ("private bytes"): 288M, peak: 409M

vm_info: Java HotSpot(TM) 64-Bit Server VM (21.0.7+8-LTS-245) for windows-amd64 JRE (21.0.7+8-LTS-245), built on 2025-02-21T05:11:27Z by "mach5one" with MS VC++ 17.6 (VS2022)

END.
